#
# A fatal error has been detected by the Java Runtime Environment:
#
#  EXCEPTION_ACCESS_VIOLATION (0xc0000005) at pc=0x0000000000000000, pid=15208, tid=0x0000000000003e0c
#
# JRE version: Java(TM) SE Runtime Environment (8.0_181-b13) (build 1.8.0_181-b13)
# Java VM: Java HotSpot(TM) 64-Bit Server VM (25.181-b13 mixed mode windows-amd64 compressed oops)
# Problematic frame:
# C  0x0000000000000000
#
# Failed to write core dump. Minidumps are not enabled by default on client versions of Windows
#
# If you would like to submit a bug report, please visit:
#   http://bugreport.java.com/bugreport/crash.jsp
# The crash happened outside the Java Virtual Machine in native code.
# See problematic frame for where to report the bug.
#

---------------  T H R E A D  ---------------

Current thread (0x0000000000efe000):  JavaThread "main" [_thread_in_native, id=15884, stack(0x00000000027e0000,0x00000000028e0000)]

siginfo: ExceptionCode=0xc0000005, ExceptionInformation=0x0000000000000008 0x0000000000000000

Registers:
RAX=0x0000000180004fd0, RBX=0x000000003e275d90, RCX=0x0000000000000001, RDX=0x00000000028de7f8
RSP=0x00000000028de7a8, RBP=0x00000000028de848, RSI=0x0000000000200020, RDI=0x00000000029e835d
R8 =0x0000000000000001, R9 =0x0000000000ef7a40, R10=0x00000000029f8c3b, R11=0x000000006b22c6a0
R12=0x0000000000000000, R13=0x000000003e275d90, R14=0x00000000028de868, R15=0x0000000000efe000
RIP=0x0000000000000000, EFLAGS=0x0000000000010202

Top of Stack: (sp=0x00000000028de7a8)
0x00000000028de7a8:   0000000180004fe2 00000000028deb00
0x00000000028de7b8:   0000000000efe000 000000003e275d90
0x00000000028de7c8:   0000000000200020 00000000029e835d
0x00000000028de7d8:   00000000029f8c67 0000000000efe000
0x00000000028de7e8:   000000003e275d90 0000000000200020
0x00000000028de7f8:   0000000000efe000 00000000029f8962
0x00000000028de808:   00000000028de808 000000003e275d90
0x00000000028de818:   00000000028de868 000000003e277098
0x00000000028de828:   0000000000000000 000000003e275d90
0x00000000028de838:   0000000000000000 00000000028de868
0x00000000028de848:   00000000028de8b0 00000000029e7da0
0x00000000028de858:   000000071b94b8f0 00000000029f21d6
0x00000000028de868:   0000000000000001 00000000028de870
0x00000000028de878:   000000003e275ce9 00000000028de8c0
0x00000000028de888:   000000003e277098 0000000000000000
0x00000000028de898:   000000003e275d08 00000000028de868 

Instructions: (pc=0x0000000000000000)
0xffffffffffffffe0:   


Register to memory mapping:

RAX=0x0000000180004fd0 is an unknown value
RBX={method} {0x000000003e275d98} 'nalGenBuffers2' '(I)I' in 'org/lwjgl/openal/AL10'
RCX=0x0000000000000001 is an unknown value
RDX=0x00000000028de7f8 is pointing into the stack for thread: 0x0000000000efe000
RSP=0x00000000028de7a8 is pointing into the stack for thread: 0x0000000000efe000
RBP=0x00000000028de848 is pointing into the stack for thread: 0x0000000000efe000
RSI=0x0000000000200020 is an unknown value
RDI=0x00000000029e835d is at code_begin+2301 in an Interpreter codelet
invoke return entry points  [0x00000000029e7a60, 0x00000000029e8440]  2528 bytes
R8 =0x0000000000000001 is an unknown value
R9 =0x0000000000ef7a40 is an unknown value
R10=0x00000000029f8c3b is at code_begin+891 in an Interpreter codelet
method entry point (kind = native)  [0x00000000029f88c0, 0x00000000029f9280]  2496 bytes
R11=0x000000006b22c6a0 is an unknown value
R12=0x0000000000000000 is an unknown value
R13={method} {0x000000003e275d98} 'nalGenBuffers2' '(I)I' in 'org/lwjgl/openal/AL10'
R14=0x00000000028de868 is pointing into the stack for thread: 0x0000000000efe000
R15=0x0000000000efe000 is a thread


Stack: [0x00000000027e0000,0x00000000028e0000],  sp=0x00000000028de7a8,  free space=1017k
Native frames: (J=compiled Java code, j=interpreted, Vv=VM code, C=native code)

Java frames: (J=compiled Java code, j=interpreted, Vv=VM code)
j  org.lwjgl.openal.AL10.nalGenBuffers2(I)I+0
j  org.lwjgl.openal.AL10.alGenBuffers()I+1
j  com.countgandi.com.engine.audio.AudioMaster.loadSound(Ljava/lang/String;)I+0
j  com.countgandi.com.game.Assets.<clinit>()V+233
v  ~StubRoutines::call_stub
j  com.countgandi.com.game.guis.WaterGui.<init>(Lorg/lwjgl/util/vector/Vector2f;Lorg/lwjgl/util/vector/Vector2f;)V+1
j  com.countgandi.com.game.entities.Camera.<init>(Lcom/countgandi/com/game/Handler;)V+69
j  com.countgandi.com.creationEngine.IndependentCamera.<init>(Lcom/countgandi/com/game/Handler;)V+2
j  com.countgandi.com.game.Handler.<init>(Z)V+58
j  com.countgandi.com.creationEngine.Main.addComponentsToJFrame(Ljavax/swing/JFrame;)V+98
j  com.countgandi.com.creationEngine.Main.<init>()V+97
j  com.countgandi.com.creationEngine.Main.main([Ljava/lang/String;)V+3
v  ~StubRoutines::call_stub

---------------  P R O C E S S  ---------------

Java Threads: ( => current thread )
  0x00000000292bf800 JavaThread "D3D Screen Updater" daemon [_thread_blocked, id=6636, stack(0x0000000037010000,0x0000000037110000)]
  0x00000000292b0000 JavaThread "AWT-EventQueue-0" [_thread_blocked, id=15320, stack(0x0000000036c10000,0x0000000036d10000)]
  0x0000000029219800 JavaThread "AWT-Windows" daemon [_thread_in_native, id=14692, stack(0x0000000029b10000,0x0000000029c10000)]
  0x0000000029218800 JavaThread "AWT-Shutdown" [_thread_blocked, id=3572, stack(0x0000000029a10000,0x0000000029b10000)]
  0x0000000029218000 JavaThread "Java2D Disposer" daemon [_thread_blocked, id=6552, stack(0x0000000029910000,0x0000000029a10000)]
  0x0000000027400000 JavaThread "Service Thread" daemon [_thread_blocked, id=15144, stack(0x0000000028dd0000,0x0000000028ed0000)]
  0x0000000027381800 JavaThread "C1 CompilerThread3" daemon [_thread_blocked, id=15008, stack(0x0000000028cd0000,0x0000000028dd0000)]
  0x000000002737f800 JavaThread "C2 CompilerThread2" daemon [_thread_blocked, id=14092, stack(0x0000000028bd0000,0x0000000028cd0000)]
  0x0000000027379800 JavaThread "C2 CompilerThread1" daemon [_thread_blocked, id=8452, stack(0x0000000028ad0000,0x0000000028bd0000)]
  0x000000002736f800 JavaThread "C2 CompilerThread0" daemon [_thread_blocked, id=12644, stack(0x00000000289d0000,0x0000000028ad0000)]
  0x000000002736c000 JavaThread "Attach Listener" daemon [_thread_blocked, id=16152, stack(0x00000000288d0000,0x00000000289d0000)]
  0x0000000027369800 JavaThread "Signal Dispatcher" daemon [_thread_blocked, id=16336, stack(0x00000000287d0000,0x00000000288d0000)]
  0x0000000027363000 JavaThread "Finalizer" daemon [_thread_blocked, id=2196, stack(0x00000000285d0000,0x00000000286d0000)]
  0x00000000029db000 JavaThread "Reference Handler" daemon [_thread_blocked, id=16260, stack(0x00000000284d0000,0x00000000285d0000)]
=>0x0000000000efe000 JavaThread "main" [_thread_in_native, id=15884, stack(0x00000000027e0000,0x00000000028e0000)]

Other Threads:
  0x0000000025c97000 VMThread [stack: 0x00000000283d0000,0x00000000284d0000] [id=8108]
  0x00000000273a1000 WatcherThread [stack: 0x0000000028ed0000,0x0000000028fd0000] [id=2480]

VM state:not at safepoint (normal execution)

VM Mutex/Monitor currently owned by a thread: None

Heap:
 PSYoungGen      total 153088K, used 110057K [0x0000000715800000, 0x0000000720280000, 0x00000007c0000000)
  eden space 131584K, 77% used [0x0000000715800000,0x000000071bbcab48,0x000000071d880000)
  from space 21504K, 36% used [0x000000071d880000,0x000000071e02fa48,0x000000071ed80000)
  to   space 21504K, 0% used [0x000000071ed80000,0x000000071ed80000,0x0000000720280000)
 ParOldGen       total 349696K, used 16K [0x00000005c0800000, 0x00000005d5d80000, 0x0000000715800000)
  object space 349696K, 0% used [0x00000005c0800000,0x00000005c0804000,0x00000005d5d80000)
 Metaspace       used 12129K, capacity 12333K, committed 12672K, reserved 1060864K
  class space    used 1467K, capacity 1543K, committed 1664K, reserved 1048576K

Card table byte_map: [0x0000000011da0000,0x0000000012da0000] byte_map_base: 0x000000000ef9c000

Marking Bits: (ParMarkBitMap*) 0x000000006b822d00
 Begin Bits: [0x0000000014250000, 0x000000001c230000)
 End Bits:   [0x000000001c230000, 0x0000000024210000)

Polling page: 0x00000000005d0000

CodeCache: size=245760Kb used=3503Kb max_used=3503Kb free=242256Kb
 bounds [0x00000000029e0000, 0x0000000002d60000, 0x00000000119e0000]
 total_blobs=1446 nmethods=876 adapters=483
 compilation: enabled

Compilation events (10 events):
Event: 1.276 Thread 0x0000000027381800  873       3       sun.misc.URLClassPath$JarLoader::findResource (18 bytes)
Event: 1.276 Thread 0x0000000027381800 nmethod 873 0x0000000002d3aad0 code [0x0000000002d3ac40, 0x0000000002d3aed8]
Event: 1.279 Thread 0x0000000027381800  874       3       de.matthiasmann.twl.utils.PNGDecoder::copyPALtoBGRA (199 bytes)
Event: 1.279 Thread 0x0000000027381800 nmethod 874 0x0000000002d36ad0 code [0x0000000002d36d00, 0x0000000002d377d8]
Event: 1.280 Thread 0x0000000027381800  875       3       sun.misc.PerfCounter::addElapsedTimeFrom (10 bytes)
Event: 1.280 Thread 0x0000000027381800 nmethod 875 0x0000000002d39dd0 code [0x0000000002d39f80, 0x0000000002d3a6d8]
Event: 1.281 Thread 0x0000000027381800  876   !   3       java.util.zip.InflaterInputStream::read (138 bytes)
Event: 1.281 Thread 0x0000000027381800 nmethod 876 0x0000000002d34010 code [0x0000000002d34280, 0x0000000002d35348]
Event: 1.281 Thread 0x0000000027381800  877       3       java.util.zip.InflaterInputStream::ensureOpen (18 bytes)
Event: 1.281 Thread 0x0000000027381800 nmethod 877 0x0000000002d33b90 code [0x0000000002d33d00, 0x0000000002d33f48]

GC Heap History (2 events):
Event: 1.131 GC heap before
{Heap before GC invocations=1 (full 0):
 PSYoungGen      total 153088K, used 131584K [0x0000000715800000, 0x0000000720280000, 0x00000007c0000000)
  eden space 131584K, 100% used [0x0000000715800000,0x000000071d880000,0x000000071d880000)
  from space 21504K, 0% used [0x000000071ed80000,0x000000071ed80000,0x0000000720280000)
  to   space 21504K, 0% used [0x000000071d880000,0x000000071d880000,0x000000071ed80000)
 ParOldGen       total 349696K, used 0K [0x00000005c0800000, 0x00000005d5d80000, 0x0000000715800000)
  object space 349696K, 0% used [0x00000005c0800000,0x00000005c0800000,0x00000005d5d80000)
 Metaspace       used 12087K, capacity 12269K, committed 12416K, reserved 1060864K
  class space    used 1466K, capacity 1543K, committed 1664K, reserved 1048576K
Event: 1.136 GC heap after
Heap after GC invocations=1 (full 0):
 PSYoungGen      total 153088K, used 7870K [0x0000000715800000, 0x0000000720280000, 0x00000007c0000000)
  eden space 131584K, 0% used [0x0000000715800000,0x0000000715800000,0x000000071d880000)
  from space 21504K, 36% used [0x000000071d880000,0x000000071e02fa48,0x000000071ed80000)
  to   space 21504K, 0% used [0x000000071ed80000,0x000000071ed80000,0x0000000720280000)
 ParOldGen       total 349696K, used 16K [0x00000005c0800000, 0x00000005d5d80000, 0x0000000715800000)
  object space 349696K, 0% used [0x00000005c0800000,0x00000005c0804000,0x00000005d5d80000)
 Metaspace       used 12087K, capacity 12269K, committed 12416K, reserved 1060864K
  class space    used 1466K, capacity 1543K, committed 1664K, reserved 1048576K
}

Deoptimization events (10 events):
Event: 1.034 Thread 0x0000000000efe000 Uncommon trap: reason=array_check action=maybe_recompile pc=0x0000000002cdd7e8 method=java.util.AbstractCollection.toArray([Ljava/lang/Object;)[Ljava/lang/Object; @ 119
Event: 1.034 Thread 0x0000000000efe000 Uncommon trap: reason=array_check action=maybe_recompile pc=0x0000000002cdd7e8 method=java.util.AbstractCollection.toArray([Ljava/lang/Object;)[Ljava/lang/Object; @ 119
Event: 1.034 Thread 0x0000000000efe000 Uncommon trap: reason=array_check action=maybe_recompile pc=0x0000000002cdd7e8 method=java.util.AbstractCollection.toArray([Ljava/lang/Object;)[Ljava/lang/Object; @ 119
Event: 1.041 Thread 0x0000000000efe000 Uncommon trap: reason=unstable_if action=reinterpret pc=0x0000000002cb3af8 method=sun.misc.FloatingDecimal.readJavaFormatString(Ljava/lang/String;)Lsun/misc/FloatingDecimal$ASCIIToBinaryConverter; @ 235
Event: 1.041 Thread 0x0000000000efe000 Uncommon trap: reason=class_check action=maybe_recompile pc=0x0000000002ccd678 method=sun.misc.FloatingDecimal.parseFloat(Ljava/lang/String;)F @ 4
Event: 1.041 Thread 0x0000000000efe000 Uncommon trap: reason=class_check action=maybe_recompile pc=0x0000000002ccd678 method=sun.misc.FloatingDecimal.parseFloat(Ljava/lang/String;)F @ 4
Event: 1.041 Thread 0x0000000000efe000 Uncommon trap: reason=class_check action=maybe_recompile pc=0x0000000002ccd678 method=sun.misc.FloatingDecimal.parseFloat(Ljava/lang/String;)F @ 4
Event: 1.041 Thread 0x0000000000efe000 Uncommon trap: reason=class_check action=maybe_recompile pc=0x0000000002ccd678 method=sun.misc.FloatingDecimal.parseFloat(Ljava/lang/String;)F @ 4
Event: 1.146 Thread 0x0000000000efe000 Uncommon trap: reason=unstable_if action=reinterpret pc=0x0000000002d2caa0 method=com.countgandi.com.engine.renderEngine.OBJLoader.convertIndicesListToArray(Ljava/util/List;)[I @ 36
Event: 1.192 Thread 0x0000000000efe000 Uncommon trap: reason=unstable_if action=reinterpret pc=0x0000000002d24b34 method=com.countgandi.com.engine.renderEngine.OBJLoader.convertIndicesListToArray(Ljava/util/List;)[I @ 36

Classes redefined (0 events):
No events

Internal exceptions (10 events):
Event: 0.164 Thread 0x0000000000efe000 Exception <a 'java/lang/ClassNotFoundException': ToolBar> (0x0000000715ff82c0) thrown at [C:\re\workspace\8-2-build-windows-amd64-cygwin\jdk8u181\11358\hotspot\src\share\vm\classfile\systemDictionary.cpp, line 210]
Event: 0.164 Thread 0x0000000000efe000 Exception <a 'java/lang/ClassNotFoundException': ToggleButton> (0x0000000715ff8870) thrown at [C:\re\workspace\8-2-build-windows-amd64-cygwin\jdk8u181\11358\hotspot\src\share\vm\classfile\systemDictionary.cpp, line 210]
Event: 0.164 Thread 0x0000000000efe000 Exception <a 'java/lang/ClassNotFoundException': javax/swing/JToolBarSeparator> (0x0000000715ff8cd0) thrown at [C:\re\workspace\8-2-build-windows-amd64-cygwin\jdk8u181\11358\hotspot\src\share\vm\classfile\systemDictionary.cpp, line 210]
Event: 0.164 Thread 0x0000000000efe000 Exception <a 'java/lang/ClassNotFoundException': ToolBarSeparator> (0x0000000715ff9168) thrown at [C:\re\workspace\8-2-build-windows-amd64-cygwin\jdk8u181\11358\hotspot\src\share\vm\classfile\systemDictionary.cpp, line 210]
Event: 0.164 Thread 0x0000000000efe000 Exception <a 'java/lang/ClassNotFoundException': ToolTip> (0x0000000715ff98a8) thrown at [C:\re\workspace\8-2-build-windows-amd64-cygwin\jdk8u181\11358\hotspot\src\share\vm\classfile\systemDictionary.cpp, line 210]
Event: 0.164 Thread 0x0000000000efe000 Exception <a 'java/lang/ClassNotFoundException': Tree> (0x0000000715ffa4c8) thrown at [C:\re\workspace\8-2-build-windows-amd64-cygwin\jdk8u181\11358\hotspot\src\share\vm\classfile\systemDictionary.cpp, line 210]
Event: 0.165 Thread 0x0000000000efe000 Exception <a 'java/lang/ClassNotFoundException': Tree> (0x0000000715ffac08) thrown at [C:\re\workspace\8-2-build-windows-amd64-cygwin\jdk8u181\11358\hotspot\src\share\vm\classfile\systemDictionary.cpp, line 210]
Event: 0.165 Thread 0x0000000000efe000 Exception <a 'java/lang/ClassNotFoundException': javax/swing/JTreeCell> (0x0000000715ffaf88) thrown at [C:\re\workspace\8-2-build-windows-amd64-cygwin\jdk8u181\11358\hotspot\src\share\vm\classfile\systemDictionary.cpp, line 210]
Event: 0.165 Thread 0x0000000000efe000 Exception <a 'java/lang/ClassNotFoundException': TreeCell> (0x0000000715ffb410) thrown at [C:\re\workspace\8-2-build-windows-amd64-cygwin\jdk8u181\11358\hotspot\src\share\vm\classfile\systemDictionary.cpp, line 210]
Event: 0.165 Thread 0x0000000000efe000 Exception <a 'java/lang/ClassNotFoundException': RootPane> (0x0000000715ffbdc8) thrown at [C:\re\workspace\8-2-build-windows-amd64-cygwin\jdk8u181\11358\hotspot\src\share\vm\classfile\systemDictionary.cpp, line 210]

Events (10 events):
Event: 1.146 Thread 0x0000000000efe000 Uncommon trap: trap_request=0xffffff65 fr.pc=0x0000000002d2caa0
Event: 1.146 Thread 0x0000000000efe000 DEOPT PACKING pc=0x0000000002d2caa0 sp=0x00000000028de5d0
Event: 1.146 Thread 0x0000000000efe000 DEOPT UNPACKING pc=0x0000000002a2583b sp=0x00000000028de598 mode 2
Event: 1.192 Thread 0x0000000000efe000 Uncommon trap: trap_request=0xffffff65 fr.pc=0x0000000002d24b34
Event: 1.192 Thread 0x0000000000efe000 DEOPT PACKING pc=0x0000000002d24b34 sp=0x00000000028de610
Event: 1.192 Thread 0x0000000000efe000 DEOPT UNPACKING pc=0x0000000002a2583b sp=0x00000000028de5b8 mode 2
Event: 1.280 loading class com/countgandi/com/engine/audio/AudioMaster
Event: 1.280 loading class com/countgandi/com/engine/audio/AudioMaster done
Event: 1.280 loading class org/lwjgl/openal/AL10
Event: 1.280 loading class org/lwjgl/openal/AL10 done


Dynamic libraries:
0x00007ff63eff0000 - 0x00007ff63f027000 	C:\Program Files\Java\jdk1.8.0_181\bin\javaw.exe
0x00007ff874190000 - 0x00007ff87437d000 	C:\WINDOWS\SYSTEM32\ntdll.dll
0x00007ff8726e0000 - 0x00007ff872793000 	C:\WINDOWS\System32\KERNEL32.DLL
0x00007ff871120000 - 0x00007ff8713b3000 	C:\WINDOWS\System32\KERNELBASE.dll
0x00007ff8727a0000 - 0x00007ff872843000 	C:\WINDOWS\System32\ADVAPI32.dll
0x00007ff873db0000 - 0x00007ff873e4e000 	C:\WINDOWS\System32\msvcrt.dll
0x00007ff871560000 - 0x00007ff8715fe000 	C:\WINDOWS\System32\sechost.dll
0x00007ff871e10000 - 0x00007ff871f32000 	C:\WINDOWS\System32\RPCRT4.dll
0x00007ff873f60000 - 0x00007ff8740f7000 	C:\WINDOWS\System32\USER32.dll
0x00007ff871000000 - 0x00007ff871020000 	C:\WINDOWS\System32\win32u.dll
0x00007ff8719b0000 - 0x00007ff8719d9000 	C:\WINDOWS\System32\GDI32.dll
0x00007ff870d10000 - 0x00007ff870eaa000 	C:\WINDOWS\System32\gdi32full.dll
0x00007ff870f60000 - 0x00007ff871000000 	C:\WINDOWS\System32\msvcp_win.dll
0x00007ff871020000 - 0x00007ff87111c000 	C:\WINDOWS\System32\ucrtbase.dll
0x00007ff864d10000 - 0x00007ff864f89000 	C:\WINDOWS\WinSxS\amd64_microsoft.windows.common-controls_6595b64144ccf1df_6.0.17763.195_none_05b436ac07203599\COMCTL32.dll
0x00007ff871a80000 - 0x00007ff871dad000 	C:\WINDOWS\System32\combase.dll
0x00007ff870260000 - 0x00007ff8702de000 	C:\WINDOWS\System32\bcryptPrimitives.dll
0x00007ff871530000 - 0x00007ff87155e000 	C:\WINDOWS\System32\IMM32.DLL
0x000000006b8b0000 - 0x000000006b982000 	C:\Program Files\Java\jdk1.8.0_181\jre\bin\msvcr100.dll
0x000000006b000000 - 0x000000006b8a2000 	C:\Program Files\Java\jdk1.8.0_181\jre\bin\server\jvm.dll
0x00007ff8726d0000 - 0x00007ff8726d8000 	C:\WINDOWS\System32\PSAPI.DLL
0x00007ff86cba0000 - 0x00007ff86cba9000 	C:\WINDOWS\SYSTEM32\WSOCK32.dll
0x00007ff86e2a0000 - 0x00007ff86e2c4000 	C:\WINDOWS\SYSTEM32\WINMM.dll
0x00007ff86b490000 - 0x00007ff86b49a000 	C:\WINDOWS\SYSTEM32\VERSION.dll
0x00007ff872850000 - 0x00007ff8728bd000 	C:\WINDOWS\System32\WS2_32.dll
0x00007ff86de10000 - 0x00007ff86de3d000 	C:\WINDOWS\SYSTEM32\WINMMBASE.dll
0x00007ff870eb0000 - 0x00007ff870efa000 	C:\WINDOWS\System32\cfgmgr32.dll
0x000000006aff0000 - 0x000000006afff000 	C:\Program Files\Java\jdk1.8.0_181\jre\bin\verify.dll
0x000000006afc0000 - 0x000000006afe9000 	C:\Program Files\Java\jdk1.8.0_181\jre\bin\java.dll
0x000000006afa0000 - 0x000000006afb6000 	C:\Program Files\Java\jdk1.8.0_181\jre\bin\zip.dll
0x00007ff8728c0000 - 0x00007ff873daf000 	C:\WINDOWS\System32\SHELL32.dll
0x00007ff873eb0000 - 0x00007ff873f58000 	C:\WINDOWS\System32\shcore.dll
0x00007ff870390000 - 0x00007ff870ada000 	C:\WINDOWS\System32\windows.storage.dll
0x00007ff8701b0000 - 0x00007ff8701d4000 	C:\WINDOWS\System32\profapi.dll
0x00007ff870200000 - 0x00007ff87025d000 	C:\WINDOWS\System32\powrprof.dll
0x00007ff871db0000 - 0x00007ff871e02000 	C:\WINDOWS\System32\shlwapi.dll
0x00007ff870190000 - 0x00007ff8701a1000 	C:\WINDOWS\System32\kernel.appcore.dll
0x00007ff870ae0000 - 0x00007ff870af7000 	C:\WINDOWS\System32\cryptsp.dll
0x000000006ae00000 - 0x000000006af99000 	C:\Program Files\Java\jdk1.8.0_181\jre\bin\awt.dll
0x00007ff871600000 - 0x00007ff8716cb000 	C:\WINDOWS\System32\OLEAUT32.dll
0x00007ff86e550000 - 0x00007ff86e5dc000 	C:\WINDOWS\SYSTEM32\apphelp.dll
0x00007ff86e7e0000 - 0x00007ff86e87c000 	C:\WINDOWS\system32\uxtheme.dll
0x00007ff8713c0000 - 0x00007ff87152a000 	C:\WINDOWS\System32\MSCTF.dll
0x00007ff86eb10000 - 0x00007ff86eb3e000 	C:\WINDOWS\system32\dwmapi.dll
0x00007ff870b00000 - 0x00007ff870cdb000 	C:\WINDOWS\System32\CRYPT32.dll
0x00007ff8701e0000 - 0x00007ff8701f2000 	C:\WINDOWS\System32\MSASN1.dll
0x00007ff872440000 - 0x00007ff872595000 	C:\WINDOWS\System32\ole32.dll
0x000000006adb0000 - 0x000000006adf7000 	C:\Program Files\Java\jdk1.8.0_181\jre\bin\fontmanager.dll
0x00007ff85aca0000 - 0x00007ff85adc7000 	C:\WINDOWS\system32\opengl32.dll
0x00007ff86ca70000 - 0x00007ff86ca9c000 	C:\WINDOWS\SYSTEM32\GLU32.dll
0x00007ff866740000 - 0x00007ff8668de000 	C:\WINDOWS\system32\d3d9.dll
0x00007ff86b2d0000 - 0x00007ff86b3be000 	C:\WINDOWS\System32\DriverStore\FileRepository\nv_dispi.inf_amd64_e7b3660b4830c245\nvldumdx.dll
0x00007ff870f00000 - 0x00007ff870f58000 	C:\WINDOWS\System32\WINTRUST.DLL
0x00007ff872600000 - 0x00007ff87261d000 	C:\WINDOWS\System32\imagehlp.dll
0x00007ff86f5e0000 - 0x00007ff86f613000 	C:\WINDOWS\system32\rsaenh.dll
0x00007ff870ce0000 - 0x00007ff870d06000 	C:\WINDOWS\System32\bcrypt.dll
0x00007ff86fbf0000 - 0x00007ff86fbfc000 	C:\WINDOWS\SYSTEM32\CRYPTBASE.dll
0x00007ff808690000 - 0x00007ff809a77000 	C:\WINDOWS\System32\DriverStore\FileRepository\nv_dispi.inf_amd64_e7b3660b4830c245\nvd3dumx.dll
0x00007ff866170000 - 0x00007ff866234000 	C:\Program Files (x86)\NVIDIA Corporation\3D Vision\nvSCPAPI64.dll
0x00007ff871f40000 - 0x00007ff8723b5000 	C:\WINDOWS\System32\SETUPAPI.dll
0x00007ff812f60000 - 0x00007ff813226000 	C:\WINDOWS\system32\nvspcap64.dll
0x00007ff86f260000 - 0x00007ff86f291000 	C:\WINDOWS\SYSTEM32\ntmarta.dll
0x00007ff86eea0000 - 0x00007ff86eec2000 	C:\WINDOWS\SYSTEM32\gpapi.dll
0x00007ff86a260000 - 0x00007ff86a28f000 	C:\WINDOWS\SYSTEM32\cryptnet.dll
0x00007ff862d50000 - 0x00007ff862de5000 	C:\WINDOWS\System32\TextInputFramework.dll
0x00007ff86bf00000 - 0x00007ff86c222000 	C:\WINDOWS\System32\CoreUIComponents.dll
0x00007ff86e1b0000 - 0x00007ff86e292000 	C:\WINDOWS\System32\CoreMessaging.dll
0x00007ff86bcb0000 - 0x00007ff86be03000 	C:\WINDOWS\SYSTEM32\wintypes.dll
0x0000000180000000 - 0x0000000180051000 	C:\Documents\workspace\Atrido\lib\natives\lwjgl64.dll
0x000000006ada0000 - 0x000000006ada7000 	C:\Program Files\Java\jdk1.8.0_181\jre\bin\jawt.dll
0x0000000068710000 - 0x000000006ad94000 	C:\WINDOWS\System32\DriverStore\FileRepository\nv_dispi.inf_amd64_e7b3660b4830c245\nvoglv64.dll
0x00007ff86cdc0000 - 0x00007ff86cdd3000 	C:\WINDOWS\SYSTEM32\WTSAPI32.dll
0x00007ff86ffa0000 - 0x00007ff86ffc9000 	C:\WINDOWS\SYSTEM32\DEVOBJ.dll
0x00007ff86f300000 - 0x00007ff86f358000 	C:\WINDOWS\SYSTEM32\WINSTA.dll
0x00007ff860f90000 - 0x00007ff86117d000 	C:\WINDOWS\SYSTEM32\dbghelp.dll

VM Arguments:
jvm_args: -Djava.library.path=C:\Documents\workspace\Atrido\lib\natives -Dfile.encoding=Cp1252 
java_command: com.countgandi.com.creationEngine.Main
java_class_path (initial): C:\Documents\workspace\Atrido\bin;C:\Documents\workspace\Atrido\lib\jars\lwjgl_util.jar;C:\Documents\workspace\Atrido\lib\jars\lwjgl.jar;C:\Documents\workspace\Atrido\lib\jars\PNGDecoder.jar;C:\Documents\workspace\Atrido\lib\jars\slick-util.jar
Launcher Type: SUN_STANDARD

Environment Variables:
PATH=C:/Program Files/Java/jre1.8.0_191/bin/server;C:/Program Files/Java/jre1.8.0_191/bin;C:/Program Files/Java/jre1.8.0_191/lib/amd64;C:\Program Files (x86)\Common Files\Oracle\Java\javapath;C:\WINDOWS\system32;C:\WINDOWS;C:\WINDOWS\System32\Wbem;C:\WINDOWS\System32\WindowsPowerShell\v1.0\;C:\WINDOWS\System32\OpenSSH\;C:\Program Files (x86)\NVIDIA Corporation\PhysX\Common;E:\Program Files\VisualSVN Server\bin;C:\Program Files\Java\jdk1.8.0_181\bin;C:\Program Files\Java\jdk1.8.0_181\jre\bin;;C:\Program Files\NVIDIA Corporation\NVIDIA NvDLISR;%SystemRoot%\system32;%SystemRoot%;%SystemRoot%\System32\Wbem;%SYSTEMROOT%\System32\WindowsPowerShell\v1.0\;%SYSTEMROOT%\System32\OpenSSH\;C:\Users\Count\AppData\Local\Microsoft\WindowsApps;C:\Users\Count\AppData\Local\GitHubDesktop\bin;%USERPROFILE%\AppData\Local\Microsoft\WindowsApps;;C:\Users\Count\eclipse\java-2018-09\eclipse;
USERNAME=Count
OS=Windows_NT
PROCESSOR_IDENTIFIER=Intel64 Family 6 Model 158 Stepping 10, GenuineIntel



---------------  S Y S T E M  ---------------

OS: Windows 10.0 , 64 bit Build 17763 (10.0.17763.1)

CPU:total 12 (initial active 12) (6 cores per cpu, 2 threads per core) family 6 model 158 stepping 10, cmov, cx8, fxsr, mmx, sse, sse2, sse3, ssse3, sse4.1, sse4.2, popcnt, avx, avx2, aes, clmul, erms, rtm, 3dnowpref, lzcnt, ht, tsc, tscinvbit, bmi1, bmi2, adx

Memory: 4k page, physical 33513928k(27152320k free), swap 38494664k(28801496k free)

vm_info: Java HotSpot(TM) 64-Bit Server VM (25.181-b13) for windows-amd64 JRE (1.8.0_181-b13), built on Jul  7 2018 04:01:33 by "java_re" with MS VC++ 10.0 (VS2010)

time: Sun Jan 06 17:53:53 2019
elapsed time: 1 seconds (0d 0h 0m 1s)

