#
# A fatal error has been detected by the Java Runtime Environment:
#
#  EXCEPTION_ACCESS_VIOLATION (0xc0000005) at pc=0x000000005e397870, pid=14408, tid=0x000000000000119c
#
# JRE version: Java(TM) SE Runtime Environment (8.0_181-b13) (build 1.8.0_181-b13)
# Java VM: Java HotSpot(TM) 64-Bit Server VM (25.181-b13 mixed mode windows-amd64 compressed oops)
# Problematic frame:
# C  [nvoglv64.dll+0xea7870]
#
# Failed to write core dump. Minidumps are not enabled by default on client versions of Windows
#
# If you would like to submit a bug report, please visit:
#   http://bugreport.java.com/bugreport/crash.jsp
# The crash happened outside the Java Virtual Machine in native code.
# See problematic frame for where to report the bug.
#

---------------  T H R E A D  ---------------

Current thread (0x0000000027a0c800):  JavaThread "Thread-0" [_thread_in_native, id=4508, stack(0x0000000029560000,0x0000000029660000)]

siginfo: ExceptionCode=0xc0000005, reading address 0x0000000000000000

Registers:
RAX=0x0000000000000060, RBX=0x0000000029e089b8, RCX=0x000000002eac3f10, RDX=0xffffffffd153c0f0
RSP=0x000000002965ee78, RBP=0x0000000000000002, RSI=0x0000000000000006, RDI=0x000000002eac3f10
R8 =0x0000000000000060, R9 =0x0000000000000006, R10=0x0000000000000000, R11=0x000000002eac3f10
R12=0x0000000000000000, R13=0x000000005d4f0000, R14=0x0000000000000001, R15=0x0000000029e08718
RIP=0x000000005e397870, EFLAGS=0x0000000000010283

Top of Stack: (sp=0x000000002965ee78)
0x000000002965ee78:   000000005de993fa 00000000279a7fe0
0x000000002965ee88:   000000005fc9d81c 000000002965f518
0x000000002965ee98:   000000005dd0d20b 0000000027a0c800
0x000000002965eea8:   0000000000000006 0000000000000000
0x000000002965eeb8:   000000000003810b 0000000029e08718
0x000000002965eec8:   000000005de9a1e2 0000000029dfd080
0x000000002965eed8:   0000000000000004 0000000000000000
0x000000002965eee8:   0000000027a0c800 0000000027a0c800
0x000000002965eef8:   000000002965efe8 0000000025ce2408
0x000000002965ef08:   0000000000000000 000000003797e190
0x000000002965ef18:   0000000003018c67 0000000025ce2408
0x000000002965ef28:   000000002965efa8 000000005de25da0
0x000000002965ef38:   0000000025d91f38 0000000000000006
0x000000002965ef48:   000000005dde7d20 0000000003024ea3
0x000000002965ef58:   00000000030056d0 0000000000000000
0x000000002965ef68:   000000002965ef68 0000000000000000 

Instructions: (pc=0x000000005e397870)
0x000000005e397850:   29 41 c0 0f 29 49 d0 0f 10 44 0a e0 0f 10 4c 0a
0x000000005e397860:   f0 75 ad 0f 29 41 e0 49 83 e0 7f 0f 28 c1 eb 0c
0x000000005e397870:   0f 10 04 0a 48 83 c1 10 49 83 e8 10 4d 8b c8 49
0x000000005e397880:   c1 e9 04 74 1c 66 66 66 0f 1f 84 00 00 00 00 00 


Register to memory mapping:

RAX=0x0000000000000060 is an unknown value
RBX=0x0000000029e089b8 is an unknown value
RCX=0x000000002eac3f10 is an unknown value
RDX=0xffffffffd153c0f0 is an unknown value
RSP=0x000000002965ee78 is pointing into the stack for thread: 0x0000000027a0c800
RBP=0x0000000000000002 is an unknown value
RSI=0x0000000000000006 is an unknown value
RDI=0x000000002eac3f10 is an unknown value
R8 =0x0000000000000060 is an unknown value
R9 =0x0000000000000006 is an unknown value
R10=0x0000000000000000 is an unknown value
R11=0x000000002eac3f10 is an unknown value
R12=0x0000000000000000 is an unknown value
R13=0x000000005d4f0000 is an unknown value
R14=0x0000000000000001 is an unknown value
R15=0x0000000029e08718 is an unknown value


Stack: [0x0000000029560000,0x0000000029660000],  sp=0x000000002965ee78,  free space=1019k
Native frames: (J=compiled Java code, j=interpreted, Vv=VM code, C=native code)
C  [nvoglv64.dll+0xea7870]
C  [nvoglv64.dll+0x9a93fa]
C  [nvoglv64.dll+0x9aa1e2]
C  0x0000000003018c67

Java frames: (J=compiled Java code, j=interpreted, Vv=VM code)
j  org.lwjgl.opengl.GL11.nglDrawArrays(IIIJ)V+0
j  org.lwjgl.opengl.GL11.glDrawArrays(III)V+20
j  com.countgandi.com.engine.renderEngine.water.WaterRenderer.render(Ljava/util/List;Lcom/countgandi/com/game/entities/Camera;Lcom/countgandi/com/game/entities/Light;)V+84
j  com.countgandi.com.game.Handler.render(Z)V+230
j  com.countgandi.com.game.menus.GameMenu.render()V+5
j  com.countgandi.com.game.Game.render()V+3
j  com.countgandi.com.game.Game.run()V+18
j  com.countgandi.com.game.Game.<init>()V+166
j  com.countgandi.com.game.Game$1.run()V+3
v  ~StubRoutines::call_stub

---------------  P R O C E S S  ---------------

Java Threads: ( => current thread )
  0x0000000002dee000 JavaThread "DestroyJavaVM" [_thread_blocked, id=7676, stack(0x0000000002e00000,0x0000000002f00000)]
=>0x0000000027a0c800 JavaThread "Thread-0" [_thread_in_native, id=4508, stack(0x0000000029560000,0x0000000029660000)]
  0x00000000279a7000 JavaThread "Service Thread" daemon [_thread_blocked, id=12864, stack(0x0000000029360000,0x0000000029460000)]
  0x0000000027926800 JavaThread "C1 CompilerThread3" daemon [_thread_blocked, id=15304, stack(0x0000000029260000,0x0000000029360000)]
  0x0000000027926000 JavaThread "C2 CompilerThread2" daemon [_thread_blocked, id=3668, stack(0x0000000029160000,0x0000000029260000)]
  0x0000000027922000 JavaThread "C2 CompilerThread1" daemon [_thread_blocked, id=1620, stack(0x0000000029060000,0x0000000029160000)]
  0x0000000027913800 JavaThread "C2 CompilerThread0" daemon [_thread_blocked, id=13188, stack(0x0000000028f60000,0x0000000029060000)]
  0x000000002790b800 JavaThread "Attach Listener" daemon [_thread_blocked, id=14680, stack(0x0000000028e60000,0x0000000028f60000)]
  0x0000000027909800 JavaThread "Signal Dispatcher" daemon [_thread_blocked, id=11712, stack(0x0000000028d60000,0x0000000028e60000)]
  0x0000000027903800 JavaThread "Finalizer" daemon [_thread_blocked, id=9736, stack(0x0000000028b60000,0x0000000028c60000)]
  0x000000002621d000 JavaThread "Reference Handler" daemon [_thread_blocked, id=16036, stack(0x0000000028a60000,0x0000000028b60000)]

Other Threads:
  0x0000000026216800 VMThread [stack: 0x0000000028960000,0x0000000028a60000] [id=2328]
  0x000000002793b800 WatcherThread [stack: 0x0000000029460000,0x0000000029560000] [id=4136]

VM state:not at safepoint (normal execution)

VM Mutex/Monitor currently owned by a thread: None

Heap:
 PSYoungGen      total 153088K, used 111573K [0x0000000715800000, 0x0000000720280000, 0x00000007c0000000)
  eden space 131584K, 83% used [0x0000000715800000,0x000000071c308750,0x000000071d880000)
  from space 21504K, 9% used [0x000000071d880000,0x000000071da6cec8,0x000000071ed80000)
  to   space 21504K, 0% used [0x000000071ed80000,0x000000071ed80000,0x0000000720280000)
 ParOldGen       total 349696K, used 16K [0x00000005c0800000, 0x00000005d5d80000, 0x0000000715800000)
  object space 349696K, 0% used [0x00000005c0800000,0x00000005c0804000,0x00000005d5d80000)
 Metaspace       used 6301K, capacity 6427K, committed 6528K, reserved 1056768K
  class space    used 597K, capacity 624K, committed 640K, reserved 1048576K

Card table byte_map: [0x00000000123c0000,0x00000000133c0000] byte_map_base: 0x000000000f5bc000

Marking Bits: (ParMarkBitMap*) 0x0000000060402d00
 Begin Bits: [0x0000000014870000, 0x000000001c850000)
 End Bits:   [0x000000001c850000, 0x0000000024830000)

Polling page: 0x0000000000bf0000

CodeCache: size=245760Kb used=3418Kb max_used=3432Kb free=242341Kb
 bounds [0x0000000003000000, 0x0000000003360000, 0x0000000012000000]
 total_blobs=1215 nmethods=790 adapters=338
 compilation: enabled

Compilation events (10 events):
Event: 2.992 Thread 0x0000000027922000  788       4       org.lwjgl.opengl.GLContext::getCapabilities (20 bytes)
Event: 2.992 Thread 0x0000000027922000 nmethod 788 0x00000000033573d0 code [0x0000000003357500, 0x0000000003357598]
Event: 2.992 Thread 0x0000000027922000  789       4       org.lwjgl.BufferChecks::checkFunctionAddress (23 bytes)
Event: 2.992 Thread 0x0000000027922000 nmethod 789 0x0000000003333310 code [0x0000000003333440, 0x0000000003333498]
Event: 2.992 Thread 0x0000000027922000  785       4       org.lwjgl.util.vector.Matrix4f::scale (170 bytes)
Event: 2.993 Thread 0x0000000027922000 nmethod 785 0x0000000003351690 code [0x00000000033517c0, 0x00000000033518d8]
Event: 2.999 Thread 0x0000000027926000 nmethod 783 0x0000000003358010 code [0x0000000003358280, 0x00000000033591c0]
Event: 3.001 Thread 0x0000000027913800 nmethod 790 0x000000000335e090 code [0x000000000335e2c0, 0x000000000335f080]
Event: 3.002 Thread 0x0000000027926800  791       1       com.countgandi.com.engine.renderEngine.textures.TerrainTexturePack::getTerrainTextures (5 bytes)
Event: 3.002 Thread 0x0000000027926800 nmethod 791 0x0000000003354d50 code [0x0000000003354ea0, 0x0000000003354fb0]

GC Heap History (2 events):
Event: 1.348 GC heap before
{Heap before GC invocations=1 (full 0):
 PSYoungGen      total 153088K, used 131584K [0x0000000715800000, 0x0000000720280000, 0x00000007c0000000)
  eden space 131584K, 100% used [0x0000000715800000,0x000000071d880000,0x000000071d880000)
  from space 21504K, 0% used [0x000000071ed80000,0x000000071ed80000,0x0000000720280000)
  to   space 21504K, 0% used [0x000000071d880000,0x000000071d880000,0x000000071ed80000)
 ParOldGen       total 349696K, used 0K [0x00000005c0800000, 0x00000005d5d80000, 0x0000000715800000)
  object space 349696K, 0% used [0x00000005c0800000,0x00000005c0800000,0x00000005d5d80000)
 Metaspace       used 4948K, capacity 5907K, committed 6144K, reserved 1056768K
  class space    used 455K, capacity 488K, committed 512K, reserved 1048576K
Event: 1.349 GC heap after
Heap after GC invocations=1 (full 0):
 PSYoungGen      total 153088K, used 1971K [0x0000000715800000, 0x0000000720280000, 0x00000007c0000000)
  eden space 131584K, 0% used [0x0000000715800000,0x0000000715800000,0x000000071d880000)
  from space 21504K, 9% used [0x000000071d880000,0x000000071da6cec8,0x000000071ed80000)
  to   space 21504K, 0% used [0x000000071ed80000,0x000000071ed80000,0x0000000720280000)
 ParOldGen       total 349696K, used 16K [0x00000005c0800000, 0x00000005d5d80000, 0x0000000715800000)
  object space 349696K, 0% used [0x00000005c0800000,0x00000005c0804000,0x00000005d5d80000)
 Metaspace       used 4948K, capacity 5907K, committed 6144K, reserved 1056768K
  class space    used 455K, capacity 488K, committed 512K, reserved 1048576K
}

Deoptimization events (10 events):
Event: 1.497 Thread 0x0000000027a0c800 Uncommon trap: reason=unstable_if action=reinterpret pc=0x00000000031feaf4 method=java.lang.String.<init>([CII)V @ 18
Event: 1.497 Thread 0x0000000027a0c800 Uncommon trap: reason=unstable_if action=reinterpret pc=0x0000000003241460 method=java.lang.String.trim()Ljava/lang/String; @ 15
Event: 1.498 Thread 0x0000000027a0c800 Uncommon trap: reason=unstable_if action=reinterpret pc=0x00000000031e363c method=java.lang.String.<init>([CII)V @ 18
Event: 1.499 Thread 0x0000000027a0c800 Uncommon trap: reason=unstable_if action=reinterpret pc=0x000000000328e310 method=java.io.BufferedInputStream.read1([BII)I @ 29
Event: 1.504 Thread 0x0000000027a0c800 Uncommon trap: reason=unstable_if action=reinterpret pc=0x00000000032443b0 method=java.lang.String.<init>([CII)V @ 18
Event: 1.739 Thread 0x0000000027a0c800 Uncommon trap: reason=unstable_if action=reinterpret pc=0x000000000324a2b4 method=java.lang.String.split(Ljava/lang/String;I)[Ljava/lang/String; @ 207
Event: 1.739 Thread 0x0000000027a0c800 Uncommon trap: reason=unstable_if action=reinterpret pc=0x00000000032194e0 method=java.lang.Integer.parseInt(Ljava/lang/String;I)I @ 122
Event: 2.965 Thread 0x0000000027a0c800 Uncommon trap: reason=unstable_if action=reinterpret pc=0x0000000003334960 method=java.lang.StrictMath.floorOrCeil(DDDD)D @ 90
Event: 2.965 Thread 0x0000000027a0c800 Uncommon trap: reason=unstable_if action=reinterpret pc=0x000000000333056c method=java.lang.StrictMath.floorOrCeil(DDDD)D @ 90
Event: 2.990 Thread 0x0000000027a0c800 Uncommon trap: reason=null_check action=make_not_entrant pc=0x000000000334614c method=com.countgandi.com.engine.renderEngine.MasterRenderer.processEntity(Lcom/countgandi/com/game/entities/Entity;)V @ 15

Classes redefined (0 events):
No events

Internal exceptions (10 events):
Event: 0.932 Thread 0x0000000027a0c800 Exception <a 'java/security/PrivilegedActionException'> (0x00000007162e4700) thrown at [C:\re\workspace\8-2-build-windows-amd64-cygwin\jdk8u181\11358\hotspot\src\share\vm\prims\jvm.cpp, line 1435]
Event: 0.932 Thread 0x0000000027a0c800 Exception <a 'java/security/PrivilegedActionException'> (0x00000007162e5be8) thrown at [C:\re\workspace\8-2-build-windows-amd64-cygwin\jdk8u181\11358\hotspot\src\share\vm\prims\jvm.cpp, line 1435]
Event: 0.932 Thread 0x0000000027a0c800 Exception <a 'java/security/PrivilegedActionException'> (0x00000007162e6840) thrown at [C:\re\workspace\8-2-build-windows-amd64-cygwin\jdk8u181\11358\hotspot\src\share\vm\prims\jvm.cpp, line 1435]
Event: 0.932 Thread 0x0000000027a0c800 Exception <a 'java/security/PrivilegedActionException'> (0x00000007162e7468) thrown at [C:\re\workspace\8-2-build-windows-amd64-cygwin\jdk8u181\11358\hotspot\src\share\vm\prims\jvm.cpp, line 1435]
Event: 0.966 Thread 0x0000000027a0c800 Exception <a 'java/security/PrivilegedActionException'> (0x000000071637cf58) thrown at [C:\re\workspace\8-2-build-windows-amd64-cygwin\jdk8u181\11358\hotspot\src\share\vm\prims\jvm.cpp, line 1435]
Event: 0.966 Thread 0x0000000027a0c800 Exception <a 'java/security/PrivilegedActionException'> (0x000000071637d168) thrown at [C:\re\workspace\8-2-build-windows-amd64-cygwin\jdk8u181\11358\hotspot\src\share\vm\prims\jvm.cpp, line 1435]
Event: 0.966 Thread 0x0000000027a0c800 Exception <a 'java/security/PrivilegedActionException'> (0x0000000716381078) thrown at [C:\re\workspace\8-2-build-windows-amd64-cygwin\jdk8u181\11358\hotspot\src\share\vm\prims\jvm.cpp, line 1435]
Event: 0.966 Thread 0x0000000027a0c800 Exception <a 'java/security/PrivilegedActionException'> (0x0000000716381288) thrown at [C:\re\workspace\8-2-build-windows-amd64-cygwin\jdk8u181\11358\hotspot\src\share\vm\prims\jvm.cpp, line 1435]
Event: 1.313 Thread 0x0000000027a0c800 Implicit null exception at 0x000000000327884c to 0x0000000003278c75
Event: 2.990 Thread 0x0000000027a0c800 Implicit null exception at 0x0000000003345c59 to 0x0000000003346135

Events (10 events):
Event: 2.965 Thread 0x0000000027a0c800 DEOPT UNPACKING pc=0x000000000304583b sp=0x000000002965ed60 mode 2
Event: 2.970 loading class org/lwjgl/util/vector/Vector4f
Event: 2.970 loading class org/lwjgl/util/vector/Vector4f done
Event: 2.970 loading class org/lwjgl/util/vector/ReadableVector4f
Event: 2.970 loading class org/lwjgl/util/vector/ReadableVector4f done
Event: 2.970 loading class org/lwjgl/util/vector/WritableVector4f
Event: 2.970 loading class org/lwjgl/util/vector/WritableVector4f done
Event: 2.990 Thread 0x0000000027a0c800 Uncommon trap: trap_request=0xfffffff4 fr.pc=0x000000000334614c
Event: 2.990 Thread 0x0000000027a0c800 DEOPT PACKING pc=0x000000000334614c sp=0x000000002965eff0
Event: 2.990 Thread 0x0000000027a0c800 DEOPT UNPACKING pc=0x000000000304583b sp=0x000000002965efd0 mode 2


Dynamic libraries:
0x00007ff7cee00000 - 0x00007ff7cee37000 	C:\Program Files\Java\jdk1.8.0_181\bin\javaw.exe
0x00007ffecd660000 - 0x00007ffecd84d000 	C:\WINDOWS\SYSTEM32\ntdll.dll
0x00007ffecc470000 - 0x00007ffecc523000 	C:\WINDOWS\System32\KERNEL32.DLL
0x00007ffec9930000 - 0x00007ffec9bc3000 	C:\WINDOWS\System32\KERNELBASE.dll
0x00007ffecca20000 - 0x00007ffeccac3000 	C:\WINDOWS\System32\ADVAPI32.dll
0x00007ffeccb00000 - 0x00007ffeccb9e000 	C:\WINDOWS\System32\msvcrt.dll
0x00007ffeca890000 - 0x00007ffeca92e000 	C:\WINDOWS\System32\sechost.dll
0x00007ffecd4a0000 - 0x00007ffecd5c2000 	C:\WINDOWS\System32\RPCRT4.dll
0x00007ffecc550000 - 0x00007ffecc6e7000 	C:\WINDOWS\System32\USER32.dll
0x00007ffec9c20000 - 0x00007ffec9c40000 	C:\WINDOWS\System32\win32u.dll
0x00007ffeca930000 - 0x00007ffeca959000 	C:\WINDOWS\System32\GDI32.dll
0x00007ffec9ca0000 - 0x00007ffec9e3a000 	C:\WINDOWS\System32\gdi32full.dll
0x00007ffec9fa0000 - 0x00007ffeca040000 	C:\WINDOWS\System32\msvcp_win.dll
0x00007ffeca040000 - 0x00007ffeca13c000 	C:\WINDOWS\System32\ucrtbase.dll
0x00007ffebe420000 - 0x00007ffebe699000 	C:\WINDOWS\WinSxS\amd64_microsoft.windows.common-controls_6595b64144ccf1df_6.0.17763.253_none_05b2388e0721fece\COMCTL32.dll
0x00007ffecc6f0000 - 0x00007ffecca1d000 	C:\WINDOWS\System32\combase.dll
0x00007ffec9f20000 - 0x00007ffec9f9e000 	C:\WINDOWS\System32\bcryptPrimitives.dll
0x00007ffeccad0000 - 0x00007ffeccafe000 	C:\WINDOWS\System32\IMM32.DLL
0x0000000060490000 - 0x0000000060562000 	C:\Program Files\Java\jdk1.8.0_181\jre\bin\msvcr100.dll
0x000000005fbe0000 - 0x0000000060482000 	C:\Program Files\Java\jdk1.8.0_181\jre\bin\server\jvm.dll
0x00007ffecd0b0000 - 0x00007ffecd0b8000 	C:\WINDOWS\System32\PSAPI.DLL
0x00007ffec61d0000 - 0x00007ffec61d9000 	C:\WINDOWS\SYSTEM32\WSOCK32.dll
0x00007ffec7820000 - 0x00007ffec7844000 	C:\WINDOWS\SYSTEM32\WINMM.dll
0x00007ffec4b50000 - 0x00007ffec4b5a000 	C:\WINDOWS\SYSTEM32\VERSION.dll
0x00007ffecc400000 - 0x00007ffecc46d000 	C:\WINDOWS\System32\WS2_32.dll
0x00007ffec7610000 - 0x00007ffec763d000 	C:\WINDOWS\SYSTEM32\WINMMBASE.dll
0x00007ffec9bd0000 - 0x00007ffec9c1a000 	C:\WINDOWS\System32\cfgmgr32.dll
0x000000005fbd0000 - 0x000000005fbdf000 	C:\Program Files\Java\jdk1.8.0_181\jre\bin\verify.dll
0x000000005fba0000 - 0x000000005fbc9000 	C:\Program Files\Java\jdk1.8.0_181\jre\bin\java.dll
0x000000005fb80000 - 0x000000005fb96000 	C:\Program Files\Java\jdk1.8.0_181\jre\bin\zip.dll
0x00007ffeca960000 - 0x00007ffecbe4f000 	C:\WINDOWS\System32\SHELL32.dll
0x00007ffecd0c0000 - 0x00007ffecd168000 	C:\WINDOWS\System32\shcore.dll
0x00007ffeca140000 - 0x00007ffeca88a000 	C:\WINDOWS\System32\windows.storage.dll
0x00007ffec9660000 - 0x00007ffec9684000 	C:\WINDOWS\System32\profapi.dll
0x00007ffec96d0000 - 0x00007ffec972d000 	C:\WINDOWS\System32\powrprof.dll
0x00007ffeccee0000 - 0x00007ffeccf32000 	C:\WINDOWS\System32\shlwapi.dll
0x00007ffec96b0000 - 0x00007ffec96c1000 	C:\WINDOWS\System32\kernel.appcore.dll
0x00007ffec9730000 - 0x00007ffec9747000 	C:\WINDOWS\System32\cryptsp.dll
0x0000000180000000 - 0x0000000180051000 	C:\Documents\workspace\Atrido\lib\natives\lwjgl64.dll
0x00007ffea1d40000 - 0x00007ffea1e67000 	C:\WINDOWS\SYSTEM32\OPENGL32.dll
0x00007ffec0890000 - 0x00007ffec08bc000 	C:\WINDOWS\SYSTEM32\GLU32.dll
0x00007ffec7cb0000 - 0x00007ffec7d4c000 	C:\WINDOWS\system32\uxtheme.dll
0x00007ffeccf40000 - 0x00007ffecd0aa000 	C:\WINDOWS\System32\MSCTF.dll
0x00007ffecce10000 - 0x00007ffeccedb000 	C:\WINDOWS\System32\OLEAUT32.dll
0x00007ffec7f90000 - 0x00007ffec7fbe000 	C:\WINDOWS\system32\dwmapi.dll
0x00007ffec9750000 - 0x00007ffec992b000 	C:\WINDOWS\System32\CRYPT32.dll
0x00007ffec9690000 - 0x00007ffec96a2000 	C:\WINDOWS\System32\MSASN1.dll
0x000000005d4f0000 - 0x000000005fb74000 	C:\WINDOWS\System32\DriverStore\FileRepository\nv_dispi.inf_amd64_e7b3660b4830c245\nvoglv64.dll
0x00007ffecbf80000 - 0x00007ffecc3f5000 	C:\WINDOWS\System32\SETUPAPI.dll
0x00007ffec9ef0000 - 0x00007ffec9f16000 	C:\WINDOWS\System32\bcrypt.dll
0x00007ffecd2c0000 - 0x00007ffecd415000 	C:\WINDOWS\System32\ole32.dll
0x00007ffec6290000 - 0x00007ffec62a3000 	C:\WINDOWS\SYSTEM32\WTSAPI32.dll
0x00007ffec9470000 - 0x00007ffec9499000 	C:\WINDOWS\SYSTEM32\DEVOBJ.dll
0x00007ffec9c40000 - 0x00007ffec9c98000 	C:\WINDOWS\System32\WINTRUST.dll
0x00007ffec8730000 - 0x00007ffec8761000 	C:\WINDOWS\SYSTEM32\ntmarta.dll
0x00007ffe9cc90000 - 0x00007ffe9cf56000 	C:\WINDOWS\system32\nvspcap64.dll
0x00007ffeb7420000 - 0x00007ffeb74b5000 	C:\WINDOWS\System32\TextInputFramework.dll
0x00007ffec7640000 - 0x00007ffec7722000 	C:\WINDOWS\System32\CoreMessaging.dll
0x00007ffec5400000 - 0x00007ffec5722000 	C:\WINDOWS\System32\CoreUIComponents.dll
0x00007ffec5030000 - 0x00007ffec5183000 	C:\WINDOWS\SYSTEM32\wintypes.dll
0x00007ffebbe00000 - 0x00007ffebbead000 	C:\WINDOWS\SYSTEM32\mscms.dll
0x00007ffec9590000 - 0x00007ffec95b8000 	C:\WINDOWS\SYSTEM32\USERENV.dll
0x00007ffec6180000 - 0x00007ffec6190000 	C:\WINDOWS\SYSTEM32\ColorAdapterClient.dll
0x00007ffec0190000 - 0x00007ffec01d3000 	C:\WINDOWS\SYSTEM32\icm32.dll
0x00007ffec87d0000 - 0x00007ffec8828000 	C:\WINDOWS\SYSTEM32\WINSTA.dll
0x000000002f490000 - 0x000000002f4f4000 	C:\Documents\workspace\Atrido\lib\natives\OpenAL64.dll
0x00007ffeccd60000 - 0x00007ffecce02000 	C:\WINDOWS\System32\clbcatq.dll
0x00007ffec3580000 - 0x00007ffec35f0000 	C:\WINDOWS\System32\MMDevApi.dll
0x00007ffec5f70000 - 0x00007ffec6118000 	C:\WINDOWS\System32\PROPSYS.dll
0x00007ffea1b80000 - 0x00007ffea1c16000 	C:\WINDOWS\SYSTEM32\dsound.dll
0x00007ffec0490000 - 0x00007ffec05d8000 	C:\WINDOWS\SYSTEM32\AUDIOSES.DLL
0x00007ffec59f0000 - 0x00007ffec59fa000 	C:\WINDOWS\SYSTEM32\AVRT.dll
0x00007ffec7ff0000 - 0x00007ffec8004000 	C:\WINDOWS\SYSTEM32\resourcepolicyclient.dll
0x000000005d350000 - 0x000000005d4e9000 	C:\Program Files\Java\jdk1.8.0_181\jre\bin\awt.dll
0x00007ffec7990000 - 0x00007ffec7a1c000 	C:\WINDOWS\SYSTEM32\apphelp.dll
0x00007ffeb9f30000 - 0x00007ffeba11d000 	C:\WINDOWS\SYSTEM32\dbghelp.dll

VM Arguments:
jvm_args: -Djava.library.path=C:\Documents\workspace\Atrido\lib\natives -Dfile.encoding=Cp1252 
java_command: com.countgandi.com.game.Game
java_class_path (initial): C:\Documents\workspace\Atrido\bin;C:\Documents\workspace\Atrido\lib\jars\lwjgl_util.jar;C:\Documents\workspace\Atrido\lib\jars\lwjgl.jar;C:\Documents\workspace\Atrido\lib\jars\PNGDecoder.jar;C:\Documents\workspace\Atrido\lib\jars\slick-util.jar
Launcher Type: SUN_STANDARD

Environment Variables:
PATH=C:/Program Files/Java/jre1.8.0_201/bin/server;C:/Program Files/Java/jre1.8.0_201/bin;C:/Program Files/Java/jre1.8.0_201/lib/amd64;C:\Program Files (x86)\Common Files\Oracle\Java\javapath;C:\WINDOWS\system32;C:\WINDOWS;C:\WINDOWS\System32\Wbem;C:\WINDOWS\System32\WindowsPowerShell\v1.0\;C:\WINDOWS\System32\OpenSSH\;C:\Program Files (x86)\NVIDIA Corporation\PhysX\Common;E:\Program Files\VisualSVN Server\bin;C:\Program Files\Java\jdk1.8.0_181\bin;C:\Program Files\Java\jdk1.8.0_181\jre\bin;;C:\Program Files\NVIDIA Corporation\NVIDIA NvDLISR;%SystemRoot%\system32;%SystemRoot%;%SystemRoot%\System32\Wbem;%SYSTEMROOT%\System32\WindowsPowerShell\v1.0\;%SYSTEMROOT%\System32\OpenSSH\;C:\Users\Count\AppData\Local\Microsoft\WindowsApps;C:\Users\Count\AppData\Local\GitHubDesktop\bin;%USERPROFILE%\AppData\Local\Microsoft\WindowsApps;;C:\Users\Count\eclipse\java-2018-09\eclipse;
USERNAME=Count
OS=Windows_NT
PROCESSOR_IDENTIFIER=Intel64 Family 6 Model 158 Stepping 10, GenuineIntel



---------------  S Y S T E M  ---------------

OS: Windows 10.0 , 64 bit Build 17763 (10.0.17763.1)

CPU:total 12 (initial active 12) (6 cores per cpu, 2 threads per core) family 6 model 158 stepping 10, cmov, cx8, fxsr, mmx, sse, sse2, sse3, ssse3, sse4.1, sse4.2, popcnt, avx, avx2, aes, clmul, erms, rtm, 3dnowpref, lzcnt, ht, tsc, tscinvbit, bmi1, bmi2, adx

Memory: 4k page, physical 33513920k(27147320k free), swap 38494656k(28153716k free)

vm_info: Java HotSpot(TM) 64-Bit Server VM (25.181-b13) for windows-amd64 JRE (1.8.0_181-b13), built on Jul  7 2018 04:01:33 by "java_re" with MS VC++ 10.0 (VS2010)

time: Tue Feb 05 19:11:13 2019
elapsed time: 3 seconds (0d 0h 0m 3s)

