#
# A fatal error has been detected by the Java Runtime Environment:
#
#  EXCEPTION_ACCESS_VIOLATION (0xc0000005) at pc=0x00000000764c7870, pid=1800, tid=0x0000000000000424
#
# JRE version: Java(TM) SE Runtime Environment (8.0_181-b13) (build 1.8.0_181-b13)
# Java VM: Java HotSpot(TM) 64-Bit Server VM (25.181-b13 mixed mode windows-amd64 compressed oops)
# Problematic frame:
# C  [nvoglv64.dll+0xea7870]
#
# Failed to write core dump. Minidumps are not enabled by default on client versions of Windows
#
# If you would like to submit a bug report, please visit:
#   http://bugreport.java.com/bugreport/crash.jsp
# The crash happened outside the Java Virtual Machine in native code.
# See problematic frame for where to report the bug.
#

---------------  T H R E A D  ---------------

Current thread (0x00000000274b6000):  JavaThread "Thread-0" [_thread_in_native, id=1060, stack(0x0000000029010000,0x0000000029110000)]

siginfo: ExceptionCode=0xc0000005, reading address 0x0000000000000000

Registers:
RAX=0x0000000000000060, RBX=0x000000002974d498, RCX=0x000000002e533bf4, RDX=0xffffffffd1acc40c
RSP=0x000000002910eb88, RBP=0x0000000000000002, RSI=0x0000000000000006, RDI=0x000000002e533bf4
R8 =0x0000000000000060, R9 =0x0000000000000006, R10=0x0000000000000000, R11=0x000000002e533bf4
R12=0x0000000000000000, R13=0x0000000075620000, R14=0x0000000000000001, R15=0x000000002974d1f8
RIP=0x00000000764c7870, EFLAGS=0x0000000000010283

Top of Stack: (sp=0x000000002910eb88)
0x000000002910eb88:   0000000075fc93fa 00000000273ef150
0x000000002910eb98:   000000005070d81c 000000002910f228
0x000000002910eba8:   0000000075e3d20b 00000000274b6000
0x000000002910ebb8:   0000000000000006 0000000000000000
0x000000002910ebc8:   000000000003810b 000000002974d1f8
0x000000002910ebd8:   0000000075fca1e2 0000000029743080
0x000000002910ebe8:   0000000000000004 0000000000000000
0x000000002910ebf8:   00000000274b6000 00000000274b6000
0x000000002910ec08:   000000002910ecf8 0000000025772408
0x000000002910ec18:   0000000000000000 0000000000000789
0x000000002910ec28:   0000000002a08c67 0000000025772408
0x000000002910ec38:   000000002910ecb8 0000000000000128
0x000000002910ec48:   00000000258212f0 0000000000000006
0x000000002910ec58:   0000000075f17d20 0000000002a14ea3
0x000000002910ec68:   00000000029f56d0 0000000000000000
0x000000002910ec78:   000000002910ec78 0000000000000000 

Instructions: (pc=0x00000000764c7870)
0x00000000764c7850:   29 41 c0 0f 29 49 d0 0f 10 44 0a e0 0f 10 4c 0a
0x00000000764c7860:   f0 75 ad 0f 29 41 e0 49 83 e0 7f 0f 28 c1 eb 0c
0x00000000764c7870:   0f 10 04 0a 48 83 c1 10 49 83 e8 10 4d 8b c8 49
0x00000000764c7880:   c1 e9 04 74 1c 66 66 66 0f 1f 84 00 00 00 00 00 


Register to memory mapping:

RAX=0x0000000000000060 is an unknown value
RBX=0x000000002974d498 is an unknown value
RCX=0x000000002e533bf4 is an unknown value
RDX=0xffffffffd1acc40c is an unknown value
RSP=0x000000002910eb88 is pointing into the stack for thread: 0x00000000274b6000
RBP=0x0000000000000002 is an unknown value
RSI=0x0000000000000006 is an unknown value
RDI=0x000000002e533bf4 is an unknown value
R8 =0x0000000000000060 is an unknown value
R9 =0x0000000000000006 is an unknown value
R10=0x0000000000000000 is an unknown value
R11=0x000000002e533bf4 is an unknown value
R12=0x0000000000000000 is an unknown value
R13=0x0000000075620000 is an unknown value
R14=0x0000000000000001 is an unknown value
R15=0x000000002974d1f8 is an unknown value


Stack: [0x0000000029010000,0x0000000029110000],  sp=0x000000002910eb88,  free space=1018k
Native frames: (J=compiled Java code, j=interpreted, Vv=VM code, C=native code)
C  [nvoglv64.dll+0xea7870]
C  [nvoglv64.dll+0x9a93fa]
C  [nvoglv64.dll+0x9aa1e2]
C  0x0000000002a08c67

Java frames: (J=compiled Java code, j=interpreted, Vv=VM code)
j  org.lwjgl.opengl.GL11.nglDrawArrays(IIIJ)V+0
j  org.lwjgl.opengl.GL11.glDrawArrays(III)V+20
j  com.countgandi.com.engine.renderEngine.water.WaterRenderer.render(Ljava/util/List;Lcom/countgandi/com/game/entities/Camera;Lcom/countgandi/com/game/entities/Light;)V+81
j  com.countgandi.com.game.Handler.render(Z)V+232
j  com.countgandi.com.game.menus.GameMenu.render()V+5
j  com.countgandi.com.game.Game.render()V+3
j  com.countgandi.com.game.Game.run()V+18
j  com.countgandi.com.game.Game.<init>()V+159
j  com.countgandi.com.game.Game$1.run()V+3
v  ~StubRoutines::call_stub

---------------  P R O C E S S  ---------------

Java Threads: ( => current thread )
  0x00000000026ee000 JavaThread "DestroyJavaVM" [_thread_blocked, id=7020, stack(0x00000000027f0000,0x00000000028f0000)]
=>0x00000000274b6000 JavaThread "Thread-0" [_thread_in_native, id=1060, stack(0x0000000029010000,0x0000000029110000)]
  0x00000000273ed800 JavaThread "Service Thread" daemon [_thread_blocked, id=17108, stack(0x0000000028e10000,0x0000000028f10000)]
  0x00000000273cf000 JavaThread "C1 CompilerThread3" daemon [_thread_blocked, id=2108, stack(0x0000000028d10000,0x0000000028e10000)]
  0x00000000273ce000 JavaThread "C2 CompilerThread2" daemon [_thread_blocked, id=10068, stack(0x0000000028c10000,0x0000000028d10000)]
  0x00000000273c7000 JavaThread "C2 CompilerThread1" daemon [_thread_blocked, id=17992, stack(0x0000000028b10000,0x0000000028c10000)]
  0x00000000273c1000 JavaThread "C2 CompilerThread0" daemon [_thread_blocked, id=2876, stack(0x0000000028a10000,0x0000000028b10000)]
  0x00000000273bb800 JavaThread "Attach Listener" daemon [_thread_blocked, id=12268, stack(0x0000000028910000,0x0000000028a10000)]
  0x00000000273b9000 JavaThread "Signal Dispatcher" daemon [_thread_blocked, id=1808, stack(0x0000000028810000,0x0000000028910000)]
  0x00000000273b3800 JavaThread "Finalizer" daemon [_thread_blocked, id=6704, stack(0x0000000028610000,0x0000000028710000)]
  0x00000000029ea000 JavaThread "Reference Handler" daemon [_thread_blocked, id=3012, stack(0x0000000028510000,0x0000000028610000)]

Other Threads:
  0x0000000025ca6800 VMThread [stack: 0x0000000028410000,0x0000000028510000] [id=7052]
  0x000000002746e000 WatcherThread [stack: 0x0000000028f10000,0x0000000029010000] [id=12256]

VM state:not at safepoint (normal execution)

VM Mutex/Monitor currently owned by a thread: None

Heap:
 PSYoungGen      total 153088K, used 101355K [0x0000000715800000, 0x0000000720280000, 0x00000007c0000000)
  eden space 131584K, 75% used [0x0000000715800000,0x000000071b90fb58,0x000000071d880000)
  from space 21504K, 9% used [0x000000071d880000,0x000000071da6b370,0x000000071ed80000)
  to   space 21504K, 0% used [0x000000071ed80000,0x000000071ed80000,0x0000000720280000)
 ParOldGen       total 349696K, used 16K [0x00000005c0800000, 0x00000005d5d80000, 0x0000000715800000)
  object space 349696K, 0% used [0x00000005c0800000,0x00000005c0804000,0x00000005d5d80000)
 Metaspace       used 6277K, capacity 6427K, committed 6528K, reserved 1056768K
  class space    used 601K, capacity 624K, committed 640K, reserved 1048576K

Card table byte_map: [0x0000000011db0000,0x0000000012db0000] byte_map_base: 0x000000000efac000

Marking Bits: (ParMarkBitMap*) 0x0000000050e72d00
 Begin Bits: [0x0000000014260000, 0x000000001c240000)
 End Bits:   [0x000000001c240000, 0x0000000024220000)

Polling page: 0x00000000009e0000

CodeCache: size=245760Kb used=3231Kb max_used=3241Kb free=242528Kb
 bounds [0x00000000029f0000, 0x0000000002d20000, 0x00000000119f0000]
 total_blobs=1130 nmethods=706 adapters=337
 compilation: enabled

Compilation events (10 events):
Event: 2.731 Thread 0x00000000273cf000 nmethod 697 0x0000000002d19f10 code [0x0000000002d1a060, 0x0000000002d1a170]
Event: 2.731 Thread 0x00000000273cf000  696       1       com.countgandi.com.engine.renderEngine.models.TexturedModel::getRawModel (5 bytes)
Event: 2.731 Thread 0x00000000273cf000 nmethod 696 0x0000000002d1a1d0 code [0x0000000002d1a320, 0x0000000002d1a430]
Event: 2.731 Thread 0x00000000273cf000  698       1       com.countgandi.com.game.entities.Entity::getPosition (5 bytes)
Event: 2.731 Thread 0x00000000273cf000 nmethod 698 0x0000000002d1a490 code [0x0000000002d1a5e0, 0x0000000002d1a6f0]
Event: 2.731 Thread 0x00000000273cf000  706       3       org.lwjgl.opengl.FastIntMap::index (4 bytes)
Event: 2.731 Thread 0x00000000273cf000 nmethod 706 0x0000000002d1a750 code [0x0000000002d1a8a0, 0x0000000002d1a9d0]
Event: 2.731 Thread 0x00000000273cf000  705       3       org.lwjgl.opengl.FastIntMap::get (40 bytes)
Event: 2.731 Thread 0x00000000273ce000 nmethod 704 0x0000000002cff850 code [0x0000000002cff980, 0x0000000002cffa38]
Event: 2.731 Thread 0x00000000273cf000 nmethod 705 0x0000000002d1d050 code [0x0000000002d1d1e0, 0x0000000002d1d530]

GC Heap History (2 events):
Event: 1.194 GC heap before
{Heap before GC invocations=1 (full 0):
 PSYoungGen      total 153088K, used 131584K [0x0000000715800000, 0x0000000720280000, 0x00000007c0000000)
  eden space 131584K, 100% used [0x0000000715800000,0x000000071d880000,0x000000071d880000)
  from space 21504K, 0% used [0x000000071ed80000,0x000000071ed80000,0x0000000720280000)
  to   space 21504K, 0% used [0x000000071d880000,0x000000071d880000,0x000000071ed80000)
 ParOldGen       total 349696K, used 0K [0x00000005c0800000, 0x00000005d5d80000, 0x0000000715800000)
  object space 349696K, 0% used [0x00000005c0800000,0x00000005c0800000,0x00000005d5d80000)
 Metaspace       used 4948K, capacity 5907K, committed 6144K, reserved 1056768K
  class space    used 456K, capacity 488K, committed 512K, reserved 1048576K
Event: 1.195 GC heap after
Heap after GC invocations=1 (full 0):
 PSYoungGen      total 153088K, used 1964K [0x0000000715800000, 0x0000000720280000, 0x00000007c0000000)
  eden space 131584K, 0% used [0x0000000715800000,0x0000000715800000,0x000000071d880000)
  from space 21504K, 9% used [0x000000071d880000,0x000000071da6b370,0x000000071ed80000)
  to   space 21504K, 0% used [0x000000071ed80000,0x000000071ed80000,0x0000000720280000)
 ParOldGen       total 349696K, used 16K [0x00000005c0800000, 0x00000005d5d80000, 0x0000000715800000)
  object space 349696K, 0% used [0x00000005c0800000,0x00000005c0804000,0x00000005d5d80000)
 Metaspace       used 4948K, capacity 5907K, committed 6144K, reserved 1056768K
  class space    used 456K, capacity 488K, committed 512K, reserved 1048576K
}

Deoptimization events (10 events):
Event: 1.177 Thread 0x00000000274b6000 Uncommon trap: reason=unstable_if action=reinterpret pc=0x0000000002c32c60 method=com.countgandi.com.engine.renderEngine.OBJLoader.convertIndicesListToArray(Ljava/util/List;)[I @ 36
Event: 1.315 Thread 0x00000000274b6000 Uncommon trap: reason=unstable_if action=reinterpret pc=0x0000000002b865cc method=java.lang.String.indexOf([CII[CIII)I @ 134
Event: 1.316 Thread 0x00000000274b6000 Uncommon trap: reason=unstable_if action=reinterpret pc=0x0000000002be9e2c method=java.lang.String.<init>([CII)V @ 18
Event: 1.316 Thread 0x00000000274b6000 Uncommon trap: reason=unstable_if action=reinterpret pc=0x0000000002c1e360 method=java.lang.String.trim()Ljava/lang/String; @ 15
Event: 1.318 Thread 0x00000000274b6000 Uncommon trap: reason=unstable_if action=reinterpret pc=0x0000000002bc4a7c method=java.lang.String.<init>([CII)V @ 18
Event: 1.319 Thread 0x00000000274b6000 Uncommon trap: reason=unstable_if action=reinterpret pc=0x0000000002c6e810 method=java.io.BufferedInputStream.read1([BII)I @ 29
Event: 1.322 Thread 0x00000000274b6000 Uncommon trap: reason=unstable_if action=reinterpret pc=0x0000000002c36388 method=java.lang.String.<init>([CII)V @ 18
Event: 1.322 Thread 0x00000000274b6000 Uncommon trap: reason=unstable_if action=reinterpret pc=0x0000000002c30b34 method=java.lang.String.<init>([CII)V @ 18
Event: 1.546 Thread 0x00000000274b6000 Uncommon trap: reason=unstable_if action=reinterpret pc=0x0000000002c2984c method=java.lang.String.split(Ljava/lang/String;I)[Ljava/lang/String; @ 207
Event: 1.546 Thread 0x00000000274b6000 Uncommon trap: reason=unstable_if action=reinterpret pc=0x0000000002bfebe0 method=java.lang.Integer.parseInt(Ljava/lang/String;I)I @ 122

Classes redefined (0 events):
No events

Internal exceptions (10 events):
Event: 0.872 Thread 0x00000000274b6000 Exception <a 'java/security/PrivilegedActionException'> (0x00000007162e1f28) thrown at [C:\re\workspace\8-2-build-windows-amd64-cygwin\jdk8u181\11358\hotspot\src\share\vm\prims\jvm.cpp, line 1435]
Event: 0.872 Thread 0x00000000274b6000 Exception <a 'java/security/PrivilegedActionException'> (0x00000007162e2b50) thrown at [C:\re\workspace\8-2-build-windows-amd64-cygwin\jdk8u181\11358\hotspot\src\share\vm\prims\jvm.cpp, line 1435]
Event: 0.872 Thread 0x00000000274b6000 Exception <a 'java/security/PrivilegedActionException'> (0x00000007162e4038) thrown at [C:\re\workspace\8-2-build-windows-amd64-cygwin\jdk8u181\11358\hotspot\src\share\vm\prims\jvm.cpp, line 1435]
Event: 0.872 Thread 0x00000000274b6000 Exception <a 'java/security/PrivilegedActionException'> (0x00000007162e4c90) thrown at [C:\re\workspace\8-2-build-windows-amd64-cygwin\jdk8u181\11358\hotspot\src\share\vm\prims\jvm.cpp, line 1435]
Event: 0.872 Thread 0x00000000274b6000 Exception <a 'java/security/PrivilegedActionException'> (0x00000007162e58b8) thrown at [C:\re\workspace\8-2-build-windows-amd64-cygwin\jdk8u181\11358\hotspot\src\share\vm\prims\jvm.cpp, line 1435]
Event: 0.909 Thread 0x00000000274b6000 Exception <a 'java/security/PrivilegedActionException'> (0x0000000716378948) thrown at [C:\re\workspace\8-2-build-windows-amd64-cygwin\jdk8u181\11358\hotspot\src\share\vm\prims\jvm.cpp, line 1435]
Event: 0.909 Thread 0x00000000274b6000 Exception <a 'java/security/PrivilegedActionException'> (0x0000000716378b58) thrown at [C:\re\workspace\8-2-build-windows-amd64-cygwin\jdk8u181\11358\hotspot\src\share\vm\prims\jvm.cpp, line 1435]
Event: 0.909 Thread 0x00000000274b6000 Exception <a 'java/security/PrivilegedActionException'> (0x000000071637ca68) thrown at [C:\re\workspace\8-2-build-windows-amd64-cygwin\jdk8u181\11358\hotspot\src\share\vm\prims\jvm.cpp, line 1435]
Event: 0.909 Thread 0x00000000274b6000 Exception <a 'java/security/PrivilegedActionException'> (0x000000071637cc78) thrown at [C:\re\workspace\8-2-build-windows-amd64-cygwin\jdk8u181\11358\hotspot\src\share\vm\prims\jvm.cpp, line 1435]
Event: 1.163 Thread 0x00000000274b6000 Implicit null exception at 0x0000000002c5e9c8 to 0x0000000002c5edf1

Events (10 events):
Event: 2.722 loading class com/countgandi/com/engine/audio/Source
Event: 2.722 loading class com/countgandi/com/engine/audio/Source done
Event: 2.722 loading class com/countgandi/com/game/entities/Player
Event: 2.722 loading class com/countgandi/com/game/entities/Player done
Event: 2.728 loading class org/lwjgl/util/vector/Vector4f
Event: 2.728 loading class org/lwjgl/util/vector/Vector4f done
Event: 2.728 loading class org/lwjgl/util/vector/ReadableVector4f
Event: 2.728 loading class org/lwjgl/util/vector/ReadableVector4f done
Event: 2.728 loading class org/lwjgl/util/vector/WritableVector4f
Event: 2.728 loading class org/lwjgl/util/vector/WritableVector4f done


Dynamic libraries:
0x00007ff70bd40000 - 0x00007ff70bd77000 	C:\Program Files\Java\jdk1.8.0_181\bin\javaw.exe
0x00007ffbafd90000 - 0x00007ffbaff7d000 	C:\WINDOWS\SYSTEM32\ntdll.dll
0x00007ffbaf3e0000 - 0x00007ffbaf493000 	C:\WINDOWS\System32\KERNEL32.DLL
0x00007ffbac040000 - 0x00007ffbac2d3000 	C:\WINDOWS\System32\KERNELBASE.dll
0x00007ffbad060000 - 0x00007ffbad103000 	C:\WINDOWS\System32\ADVAPI32.dll
0x00007ffbaeff0000 - 0x00007ffbaf08e000 	C:\WINDOWS\System32\msvcrt.dll
0x00007ffbacfc0000 - 0x00007ffbad05e000 	C:\WINDOWS\System32\sechost.dll
0x00007ffbaecf0000 - 0x00007ffbaee12000 	C:\WINDOWS\System32\RPCRT4.dll
0x00007ffbaeb10000 - 0x00007ffbaeca7000 	C:\WINDOWS\System32\USER32.dll
0x00007ffbacab0000 - 0x00007ffbacad0000 	C:\WINDOWS\System32\win32u.dll
0x00007ffbaf090000 - 0x00007ffbaf0b9000 	C:\WINDOWS\System32\GDI32.dll
0x00007ffbacd80000 - 0x00007ffbacf1a000 	C:\WINDOWS\System32\gdi32full.dll
0x00007ffbacf20000 - 0x00007ffbacfc0000 	C:\WINDOWS\System32\msvcp_win.dll
0x00007ffbacc80000 - 0x00007ffbacd7c000 	C:\WINDOWS\System32\ucrtbase.dll
0x00007ffba0800000 - 0x00007ffba0a79000 	C:\WINDOWS\WinSxS\amd64_microsoft.windows.common-controls_6595b64144ccf1df_6.0.17763.253_none_05b2388e0721fece\COMCTL32.dll
0x00007ffbaf4a0000 - 0x00007ffbaf7cd000 	C:\WINDOWS\System32\combase.dll
0x00007ffbac2e0000 - 0x00007ffbac35e000 	C:\WINDOWS\System32\bcryptPrimitives.dll
0x00007ffbaecc0000 - 0x00007ffbaecee000 	C:\WINDOWS\System32\IMM32.DLL
0x0000000050f00000 - 0x0000000050fd2000 	C:\Program Files\Java\jdk1.8.0_181\jre\bin\msvcr100.dll
0x0000000050650000 - 0x0000000050ef2000 	C:\Program Files\Java\jdk1.8.0_181\jre\bin\server\jvm.dll
0x00007ffbad260000 - 0x00007ffbad268000 	C:\WINDOWS\System32\PSAPI.DLL
0x00007ffba88d0000 - 0x00007ffba88d9000 	C:\WINDOWS\SYSTEM32\WSOCK32.dll
0x00007ffba9e60000 - 0x00007ffba9e84000 	C:\WINDOWS\SYSTEM32\WINMM.dll
0x00007ffba7540000 - 0x00007ffba754a000 	C:\WINDOWS\SYSTEM32\VERSION.dll
0x00007ffbad480000 - 0x00007ffbad4ed000 	C:\WINDOWS\System32\WS2_32.dll
0x00007ffba99d0000 - 0x00007ffba99fd000 	C:\WINDOWS\SYSTEM32\WINMMBASE.dll
0x00007ffbacad0000 - 0x00007ffbacb1a000 	C:\WINDOWS\System32\cfgmgr32.dll
0x0000000050640000 - 0x000000005064f000 	C:\Program Files\Java\jdk1.8.0_181\jre\bin\verify.dll
0x0000000050610000 - 0x0000000050639000 	C:\Program Files\Java\jdk1.8.0_181\jre\bin\java.dll
0x00000000505f0000 - 0x0000000050606000 	C:\Program Files\Java\jdk1.8.0_181\jre\bin\zip.dll
0x00007ffbad4f0000 - 0x00007ffbae9df000 	C:\WINDOWS\System32\SHELL32.dll
0x00007ffbad190000 - 0x00007ffbad238000 	C:\WINDOWS\System32\shcore.dll
0x00007ffbac360000 - 0x00007ffbacaaa000 	C:\WINDOWS\System32\windows.storage.dll
0x00007ffbabd90000 - 0x00007ffbabdb4000 	C:\WINDOWS\System32\profapi.dll
0x00007ffbabde0000 - 0x00007ffbabe3d000 	C:\WINDOWS\System32\powrprof.dll
0x00007ffbaee20000 - 0x00007ffbaee72000 	C:\WINDOWS\System32\shlwapi.dll
0x00007ffbabe40000 - 0x00007ffbabe51000 	C:\WINDOWS\System32\kernel.appcore.dll
0x00007ffbacb20000 - 0x00007ffbacb37000 	C:\WINDOWS\System32\cryptsp.dll
0x0000000180000000 - 0x0000000180051000 	C:\Documents\workspace\Atrido\lib\natives\lwjgl64.dll
0x00007ffb867b0000 - 0x00007ffb868d7000 	C:\WINDOWS\SYSTEM32\OPENGL32.dll
0x00007ffba26c0000 - 0x00007ffba26ec000 	C:\WINDOWS\SYSTEM32\GLU32.dll
0x00007ffbaa230000 - 0x00007ffbaa2cc000 	C:\WINDOWS\system32\uxtheme.dll
0x00007ffbaee80000 - 0x00007ffbaefea000 	C:\WINDOWS\System32\MSCTF.dll
0x00007ffbaea40000 - 0x00007ffbaeb0b000 	C:\WINDOWS\System32\OLEAUT32.dll
0x00007ffbaa710000 - 0x00007ffbaa73e000 	C:\WINDOWS\system32\dwmapi.dll
0x00007ffbabe60000 - 0x00007ffbac03b000 	C:\WINDOWS\System32\CRYPT32.dll
0x00007ffbabdc0000 - 0x00007ffbabdd2000 	C:\WINDOWS\System32\MSASN1.dll
0x0000000075620000 - 0x0000000077ca4000 	C:\WINDOWS\System32\DriverStore\FileRepository\nv_dispi.inf_amd64_e7b3660b4830c245\nvoglv64.dll
0x00007ffbaf830000 - 0x00007ffbafca5000 	C:\WINDOWS\System32\SETUPAPI.dll
0x00007ffbacb40000 - 0x00007ffbacb66000 	C:\WINDOWS\System32\bcrypt.dll
0x00007ffbaf0c0000 - 0x00007ffbaf215000 	C:\WINDOWS\System32\ole32.dll
0x00007ffba8550000 - 0x00007ffba8563000 	C:\WINDOWS\SYSTEM32\WTSAPI32.dll
0x00007ffbabba0000 - 0x00007ffbabbc9000 	C:\WINDOWS\SYSTEM32\DEVOBJ.dll
0x00007ffbacb70000 - 0x00007ffbacbc8000 	C:\WINDOWS\System32\WINTRUST.dll
0x00007ffbaae60000 - 0x00007ffbaae91000 	C:\WINDOWS\SYSTEM32\ntmarta.dll
0x00007ffb81e20000 - 0x00007ffb820e6000 	C:\WINDOWS\system32\nvspcap64.dll
0x00007ffb99bc0000 - 0x00007ffb99c55000 	C:\WINDOWS\System32\TextInputFramework.dll
0x00007ffba7070000 - 0x00007ffba7392000 	C:\WINDOWS\System32\CoreUIComponents.dll
0x00007ffba9d70000 - 0x00007ffba9e52000 	C:\WINDOWS\System32\CoreMessaging.dll
0x00007ffba73b0000 - 0x00007ffba7503000 	C:\WINDOWS\SYSTEM32\wintypes.dll
0x00007ffba7c40000 - 0x00007ffba7ced000 	C:\WINDOWS\SYSTEM32\mscms.dll
0x00007ffbabc90000 - 0x00007ffbabcb8000 	C:\WINDOWS\SYSTEM32\USERENV.dll
0x00007ffbaa010000 - 0x00007ffbaa020000 	C:\WINDOWS\SYSTEM32\ColorAdapterClient.dll
0x00007ffb97d70000 - 0x00007ffb97db3000 	C:\WINDOWS\SYSTEM32\icm32.dll
0x00007ffbaaf00000 - 0x00007ffbaaf58000 	C:\WINDOWS\SYSTEM32\WINSTA.dll
0x0000000037630000 - 0x0000000037694000 	C:\Documents\workspace\Atrido\lib\natives\OpenAL64.dll
0x00007ffbafcb0000 - 0x00007ffbafd52000 	C:\WINDOWS\System32\clbcatq.dll
0x00007ffba57a0000 - 0x00007ffba5810000 	C:\WINDOWS\System32\MMDevApi.dll
0x00007ffba8370000 - 0x00007ffba8518000 	C:\WINDOWS\System32\PROPSYS.dll
0x00007ffb67000000 - 0x00007ffb67096000 	C:\WINDOWS\SYSTEM32\dsound.dll
0x00007ffba2d10000 - 0x00007ffba2e58000 	C:\WINDOWS\SYSTEM32\AUDIOSES.DLL
0x00007ffba7a30000 - 0x00007ffba7a3a000 	C:\WINDOWS\SYSTEM32\AVRT.dll
0x00007ffbaa6f0000 - 0x00007ffbaa704000 	C:\WINDOWS\SYSTEM32\resourcepolicyclient.dll
0x0000000050450000 - 0x00000000505e9000 	C:\Program Files\Java\jdk1.8.0_181\jre\bin\awt.dll
0x00007ffbaa080000 - 0x00007ffbaa10c000 	C:\WINDOWS\SYSTEM32\apphelp.dll
0x00007ffb9e090000 - 0x00007ffb9e27d000 	C:\WINDOWS\SYSTEM32\dbghelp.dll

VM Arguments:
jvm_args: -Djava.library.path=C:\Documents\workspace\Atrido\lib\natives -Dfile.encoding=Cp1252 
java_command: com.countgandi.com.game.Game
java_class_path (initial): C:\Documents\workspace\Atrido\bin;C:\Documents\workspace\Atrido\lib\jars\lwjgl_util.jar;C:\Documents\workspace\Atrido\lib\jars\lwjgl.jar;C:\Documents\workspace\Atrido\lib\jars\PNGDecoder.jar;C:\Documents\workspace\Atrido\lib\jars\slick-util.jar
Launcher Type: SUN_STANDARD

Environment Variables:
PATH=C:/Program Files/Java/jre1.8.0_191/bin/server;C:/Program Files/Java/jre1.8.0_191/bin;C:/Program Files/Java/jre1.8.0_191/lib/amd64;C:\Program Files (x86)\Common Files\Oracle\Java\javapath;C:\WINDOWS\system32;C:\WINDOWS;C:\WINDOWS\System32\Wbem;C:\WINDOWS\System32\WindowsPowerShell\v1.0\;C:\WINDOWS\System32\OpenSSH\;C:\Program Files (x86)\NVIDIA Corporation\PhysX\Common;E:\Program Files\VisualSVN Server\bin;C:\Program Files\Java\jdk1.8.0_181\bin;C:\Program Files\Java\jdk1.8.0_181\jre\bin;;C:\Program Files\NVIDIA Corporation\NVIDIA NvDLISR;%SystemRoot%\system32;%SystemRoot%;%SystemRoot%\System32\Wbem;%SYSTEMROOT%\System32\WindowsPowerShell\v1.0\;%SYSTEMROOT%\System32\OpenSSH\;C:\Users\Count\AppData\Local\Microsoft\WindowsApps;C:\Users\Count\AppData\Local\GitHubDesktop\bin;%USERPROFILE%\AppData\Local\Microsoft\WindowsApps;;C:\Users\Count\eclipse\java-2018-09\eclipse;
USERNAME=Count
OS=Windows_NT
PROCESSOR_IDENTIFIER=Intel64 Family 6 Model 158 Stepping 10, GenuineIntel



---------------  S Y S T E M  ---------------

OS: Windows 10.0 , 64 bit Build 17763 (10.0.17763.1)

CPU:total 12 (initial active 12) (6 cores per cpu, 2 threads per core) family 6 model 158 stepping 10, cmov, cx8, fxsr, mmx, sse, sse2, sse3, ssse3, sse4.1, sse4.2, popcnt, avx, avx2, aes, clmul, erms, rtm, 3dnowpref, lzcnt, ht, tsc, tscinvbit, bmi1, bmi2, adx

Memory: 4k page, physical 33513928k(28050040k free), swap 38494664k(29852448k free)

vm_info: Java HotSpot(TM) 64-Bit Server VM (25.181-b13) for windows-amd64 JRE (1.8.0_181-b13), built on Jul  7 2018 04:01:33 by "java_re" with MS VC++ 10.0 (VS2010)

time: Sat Jan 12 10:26:34 2019
elapsed time: 2 seconds (0d 0h 0m 2s)

