#
# A fatal error has been detected by the Java Runtime Environment:
#
#  EXCEPTION_ACCESS_VIOLATION (0xc0000005) at pc=0x000000005e397870, pid=4532, tid=0x0000000000003288
#
# JRE version: Java(TM) SE Runtime Environment (8.0_181-b13) (build 1.8.0_181-b13)
# Java VM: Java HotSpot(TM) 64-Bit Server VM (25.181-b13 mixed mode windows-amd64 compressed oops)
# Problematic frame:
# C  [nvoglv64.dll+0xea7870]
#
# Failed to write core dump. Minidumps are not enabled by default on client versions of Windows
#
# If you would like to submit a bug report, please visit:
#   http://bugreport.java.com/bugreport/crash.jsp
# The crash happened outside the Java Virtual Machine in native code.
# See problematic frame for where to report the bug.
#

---------------  T H R E A D  ---------------

Current thread (0x0000000027dfb000):  JavaThread "Thread-0" [_thread_in_native, id=12936, stack(0x0000000029930000,0x0000000029a30000)]

siginfo: ExceptionCode=0xc0000005, reading address 0x0000000000000000

Registers:
RAX=0x0000000000000060, RBX=0x000000002a1759b8, RCX=0x000000002ee33294, RDX=0xffffffffd11ccd6c
RSP=0x0000000029a2f3e8, RBP=0x0000000000000002, RSI=0x0000000000000006, RDI=0x000000002ee33294
R8 =0x0000000000000060, R9 =0x0000000000000006, R10=0x0000000000000000, R11=0x000000002ee33294
R12=0x0000000000000000, R13=0x000000005d4f0000, R14=0x0000000000000001, R15=0x000000002a175718
RIP=0x000000005e397870, EFLAGS=0x0000000000010283

Top of Stack: (sp=0x0000000029a2f3e8)
0x0000000029a2f3e8:   000000005de993fa 0000000027d72a10
0x0000000029a2f3f8:   000000005fc9d81c 0000000029a2fa88
0x0000000029a2f408:   000000005dd0d20b 0000000027dfb000
0x0000000029a2f418:   0000000000000006 0000000000000000
0x0000000029a2f428:   000000000003810b 000000002a175718
0x0000000029a2f438:   000000005de9a1e2 000000002a16a080
0x0000000029a2f448:   0000000000000004 0000000000000000
0x0000000029a2f458:   0000000027dfb000 0000000027dfb000
0x0000000029a2f468:   0000000029a2f558 00000000260d2408
0x0000000029a2f478:   0000000000000000 000000000000c893
0x0000000029a2f488:   0000000003368c67 00000000260d2408
0x0000000029a2f498:   0000000029a2f518 0000000000000118
0x0000000029a2f4a8:   0000000026181f38 0000000000000006
0x0000000029a2f4b8:   000000005dde7d20 0000000003374ea3
0x0000000029a2f4c8:   00000000033556d0 0000000000000000
0x0000000029a2f4d8:   0000000029a2f4d8 0000000000000000 

Instructions: (pc=0x000000005e397870)
0x000000005e397850:   29 41 c0 0f 29 49 d0 0f 10 44 0a e0 0f 10 4c 0a
0x000000005e397860:   f0 75 ad 0f 29 41 e0 49 83 e0 7f 0f 28 c1 eb 0c
0x000000005e397870:   0f 10 04 0a 48 83 c1 10 49 83 e8 10 4d 8b c8 49
0x000000005e397880:   c1 e9 04 74 1c 66 66 66 0f 1f 84 00 00 00 00 00 


Register to memory mapping:

RAX=0x0000000000000060 is an unknown value
RBX=0x000000002a1759b8 is an unknown value
RCX=0x000000002ee33294 is an unknown value
RDX=0xffffffffd11ccd6c is an unknown value
RSP=0x0000000029a2f3e8 is pointing into the stack for thread: 0x0000000027dfb000
RBP=0x0000000000000002 is an unknown value
RSI=0x0000000000000006 is an unknown value
RDI=0x000000002ee33294 is an unknown value
R8 =0x0000000000000060 is an unknown value
R9 =0x0000000000000006 is an unknown value
R10=0x0000000000000000 is an unknown value
R11=0x000000002ee33294 is an unknown value
R12=0x0000000000000000 is an unknown value
R13=0x000000005d4f0000 is an unknown value
R14=0x0000000000000001 is an unknown value
R15=0x000000002a175718 is an unknown value


Stack: [0x0000000029930000,0x0000000029a30000],  sp=0x0000000029a2f3e8,  free space=1020k
Native frames: (J=compiled Java code, j=interpreted, Vv=VM code, C=native code)
C  [nvoglv64.dll+0xea7870]
C  [nvoglv64.dll+0x9a93fa]
C  [nvoglv64.dll+0x9aa1e2]
C  0x0000000003368c67

Java frames: (J=compiled Java code, j=interpreted, Vv=VM code)
j  org.lwjgl.opengl.GL11.nglDrawArrays(IIIJ)V+0
j  org.lwjgl.opengl.GL11.glDrawArrays(III)V+20
j  com.countgandi.com.engine.renderEngine.water.WaterRenderer.render(Ljava/util/List;Lcom/countgandi/com/game/entities/Camera;Lcom/countgandi/com/game/entities/Light;)V+84
j  com.countgandi.com.game.Handler.render(Z)V+230
j  com.countgandi.com.game.menus.GameMenu.render()V+5
j  com.countgandi.com.game.Game.render()V+3
j  com.countgandi.com.game.Game.run()V+18
j  com.countgandi.com.game.Game.<init>()V+166
j  com.countgandi.com.game.Game$1.run()V+3
v  ~StubRoutines::call_stub

---------------  P R O C E S S  ---------------

Java Threads: ( => current thread )
  0x00000000030be000 JavaThread "DestroyJavaVM" [_thread_blocked, id=8824, stack(0x0000000003150000,0x0000000003250000)]
=>0x0000000027dfb000 JavaThread "Thread-0" [_thread_in_native, id=12936, stack(0x0000000029930000,0x0000000029a30000)]
  0x0000000027d71800 JavaThread "Service Thread" daemon [_thread_blocked, id=13660, stack(0x0000000029730000,0x0000000029830000)]
  0x0000000027cf2800 JavaThread "C1 CompilerThread3" daemon [_thread_blocked, id=2316, stack(0x0000000029630000,0x0000000029730000)]
  0x0000000027cf1800 JavaThread "C2 CompilerThread2" daemon [_thread_blocked, id=10140, stack(0x0000000029530000,0x0000000029630000)]
  0x0000000027ce7800 JavaThread "C2 CompilerThread1" daemon [_thread_blocked, id=16640, stack(0x0000000029430000,0x0000000029530000)]
  0x0000000027ce0800 JavaThread "C2 CompilerThread0" daemon [_thread_blocked, id=5728, stack(0x0000000029330000,0x0000000029430000)]
  0x0000000027cdd000 JavaThread "Attach Listener" daemon [_thread_blocked, id=9292, stack(0x0000000029230000,0x0000000029330000)]
  0x0000000027cdb000 JavaThread "Signal Dispatcher" daemon [_thread_blocked, id=2416, stack(0x0000000029130000,0x0000000029230000)]
  0x0000000027cd3800 JavaThread "Finalizer" daemon [_thread_blocked, id=15176, stack(0x0000000028f30000,0x0000000029030000)]
  0x000000000334b000 JavaThread "Reference Handler" daemon [_thread_blocked, id=5896, stack(0x0000000028e30000,0x0000000028f30000)]

Other Threads:
  0x0000000026607000 VMThread [stack: 0x0000000028d30000,0x0000000028e30000] [id=17316]
  0x0000000027dad000 WatcherThread [stack: 0x0000000029830000,0x0000000029930000] [id=5268]

VM state:not at safepoint (normal execution)

VM Mutex/Monitor currently owned by a thread: None

Heap:
 PSYoungGen      total 153088K, used 111141K [0x0000000715800000, 0x0000000720280000, 0x00000007c0000000)
  eden space 131584K, 83% used [0x0000000715800000,0x000000071c2b5538,0x000000071d880000)
  from space 21504K, 8% used [0x000000071d880000,0x000000071da54298,0x000000071ed80000)
  to   space 21504K, 0% used [0x000000071ed80000,0x000000071ed80000,0x0000000720280000)
 ParOldGen       total 349696K, used 8K [0x00000005c0800000, 0x00000005d5d80000, 0x0000000715800000)
  object space 349696K, 0% used [0x00000005c0800000,0x00000005c0802000,0x00000005d5d80000)
 Metaspace       used 6300K, capacity 6427K, committed 6528K, reserved 1056768K
  class space    used 597K, capacity 624K, committed 640K, reserved 1048576K

Card table byte_map: [0x0000000012710000,0x0000000013710000] byte_map_base: 0x000000000f90c000

Marking Bits: (ParMarkBitMap*) 0x0000000060402d00
 Begin Bits: [0x0000000014bc0000, 0x000000001cba0000)
 End Bits:   [0x000000001cba0000, 0x0000000024b80000)

Polling page: 0x0000000000ff0000

CodeCache: size=245760Kb used=3464Kb max_used=3477Kb free=242295Kb
 bounds [0x0000000003350000, 0x00000000036c0000, 0x0000000012350000]
 total_blobs=1215 nmethods=790 adapters=338
 compilation: enabled

Compilation events (10 events):
Event: 2.990 Thread 0x0000000027cf1800  784       4       org.lwjgl.util.vector.Matrix4f::scale (170 bytes)
Event: 2.991 Thread 0x0000000027cf1800 nmethod 784 0x00000000036afe10 code [0x00000000036aff40, 0x00000000036b0058]
Event: 2.995 Thread 0x0000000027cf1800  788       4       org.lwjgl.BufferChecks::checkFunctionAddress (23 bytes)
Event: 2.995 Thread 0x0000000027cf1800 nmethod 788 0x00000000036ad890 code [0x00000000036ad9c0, 0x00000000036ada18]
Event: 2.998 Thread 0x0000000027ce0800 nmethod 782 0x00000000036b0e90 code [0x00000000036b1100, 0x00000000036b2040]
Event: 2.999 Thread 0x0000000027ce7800 nmethod 787 0x00000000036b7910 code [0x00000000036b7b40, 0x00000000036b88e0]
Event: 3.000 Thread 0x0000000027cf1800  789       4       org.lwjgl.opengl.GLContext::getCapabilities (20 bytes)
Event: 3.000 Thread 0x0000000027cf2800  790       1       com.countgandi.com.engine.renderEngine.textures.TerrainTexturePack::getTerrainTextures (5 bytes)
Event: 3.001 Thread 0x0000000027cf2800 nmethod 790 0x00000000036afb50 code [0x00000000036afca0, 0x00000000036afdb0]
Event: 3.001 Thread 0x0000000027cf1800 nmethod 789 0x00000000036af890 code [0x00000000036af9c0, 0x00000000036afa58]

GC Heap History (2 events):
Event: 1.350 GC heap before
{Heap before GC invocations=1 (full 0):
 PSYoungGen      total 153088K, used 131584K [0x0000000715800000, 0x0000000720280000, 0x00000007c0000000)
  eden space 131584K, 100% used [0x0000000715800000,0x000000071d880000,0x000000071d880000)
  from space 21504K, 0% used [0x000000071ed80000,0x000000071ed80000,0x0000000720280000)
  to   space 21504K, 0% used [0x000000071d880000,0x000000071d880000,0x000000071ed80000)
 ParOldGen       total 349696K, used 0K [0x00000005c0800000, 0x00000005d5d80000, 0x0000000715800000)
  object space 349696K, 0% used [0x00000005c0800000,0x00000005c0800000,0x00000005d5d80000)
 Metaspace       used 4946K, capacity 5907K, committed 6144K, reserved 1056768K
  class space    used 455K, capacity 488K, committed 512K, reserved 1048576K
Event: 1.352 GC heap after
Heap after GC invocations=1 (full 0):
 PSYoungGen      total 153088K, used 1872K [0x0000000715800000, 0x0000000720280000, 0x00000007c0000000)
  eden space 131584K, 0% used [0x0000000715800000,0x0000000715800000,0x000000071d880000)
  from space 21504K, 8% used [0x000000071d880000,0x000000071da54298,0x000000071ed80000)
  to   space 21504K, 0% used [0x000000071ed80000,0x000000071ed80000,0x0000000720280000)
 ParOldGen       total 349696K, used 8K [0x00000005c0800000, 0x00000005d5d80000, 0x0000000715800000)
  object space 349696K, 0% used [0x00000005c0800000,0x00000005c0802000,0x00000005d5d80000)
 Metaspace       used 4946K, capacity 5907K, committed 6144K, reserved 1056768K
  class space    used 455K, capacity 488K, committed 512K, reserved 1048576K
}

Deoptimization events (10 events):
Event: 1.503 Thread 0x0000000027dfb000 Uncommon trap: reason=unstable_if action=reinterpret pc=0x0000000003552df4 method=java.lang.String.<init>([CII)V @ 18
Event: 1.503 Thread 0x0000000027dfb000 Uncommon trap: reason=unstable_if action=reinterpret pc=0x00000000035803e0 method=java.lang.String.trim()Ljava/lang/String; @ 15
Event: 1.505 Thread 0x0000000027dfb000 Uncommon trap: reason=unstable_if action=reinterpret pc=0x000000000352f8fc method=java.lang.String.<init>([CII)V @ 18
Event: 1.506 Thread 0x0000000027dfb000 Uncommon trap: reason=unstable_if action=reinterpret pc=0x00000000035d1c10 method=java.io.BufferedInputStream.read1([BII)I @ 29
Event: 1.510 Thread 0x0000000027dfb000 Uncommon trap: reason=unstable_if action=reinterpret pc=0x000000000355572c method=java.lang.String.<init>([CII)V @ 18
Event: 1.744 Thread 0x0000000027dfb000 Uncommon trap: reason=unstable_if action=reinterpret pc=0x00000000035926f4 method=java.lang.String.split(Ljava/lang/String;I)[Ljava/lang/String; @ 207
Event: 1.744 Thread 0x0000000027dfb000 Uncommon trap: reason=unstable_if action=reinterpret pc=0x000000000356c920 method=java.lang.Integer.parseInt(Ljava/lang/String;I)I @ 122
Event: 2.962 Thread 0x0000000027dfb000 Uncommon trap: reason=unstable_if action=reinterpret pc=0x000000000368e224 method=java.lang.StrictMath.floorOrCeil(DDDD)D @ 90
Event: 2.962 Thread 0x0000000027dfb000 Uncommon trap: reason=unstable_if action=reinterpret pc=0x0000000003662f2c method=java.lang.StrictMath.floorOrCeil(DDDD)D @ 90
Event: 2.988 Thread 0x0000000027dfb000 Uncommon trap: reason=null_check action=make_not_entrant pc=0x00000000036a1530 method=com.countgandi.com.engine.renderEngine.MasterRenderer.processEntity(Lcom/countgandi/com/game/entities/Entity;)V @ 15

Classes redefined (0 events):
No events

Internal exceptions (10 events):
Event: 0.940 Thread 0x0000000027dfb000 Exception <a 'java/security/PrivilegedActionException'> (0x00000007162e4700) thrown at [C:\re\workspace\8-2-build-windows-amd64-cygwin\jdk8u181\11358\hotspot\src\share\vm\prims\jvm.cpp, line 1435]
Event: 0.940 Thread 0x0000000027dfb000 Exception <a 'java/security/PrivilegedActionException'> (0x00000007162e5be8) thrown at [C:\re\workspace\8-2-build-windows-amd64-cygwin\jdk8u181\11358\hotspot\src\share\vm\prims\jvm.cpp, line 1435]
Event: 0.940 Thread 0x0000000027dfb000 Exception <a 'java/security/PrivilegedActionException'> (0x00000007162e6840) thrown at [C:\re\workspace\8-2-build-windows-amd64-cygwin\jdk8u181\11358\hotspot\src\share\vm\prims\jvm.cpp, line 1435]
Event: 0.940 Thread 0x0000000027dfb000 Exception <a 'java/security/PrivilegedActionException'> (0x00000007162e7468) thrown at [C:\re\workspace\8-2-build-windows-amd64-cygwin\jdk8u181\11358\hotspot\src\share\vm\prims\jvm.cpp, line 1435]
Event: 0.974 Thread 0x0000000027dfb000 Exception <a 'java/security/PrivilegedActionException'> (0x000000071637cf58) thrown at [C:\re\workspace\8-2-build-windows-amd64-cygwin\jdk8u181\11358\hotspot\src\share\vm\prims\jvm.cpp, line 1435]
Event: 0.974 Thread 0x0000000027dfb000 Exception <a 'java/security/PrivilegedActionException'> (0x000000071637d168) thrown at [C:\re\workspace\8-2-build-windows-amd64-cygwin\jdk8u181\11358\hotspot\src\share\vm\prims\jvm.cpp, line 1435]
Event: 0.974 Thread 0x0000000027dfb000 Exception <a 'java/security/PrivilegedActionException'> (0x0000000716381078) thrown at [C:\re\workspace\8-2-build-windows-amd64-cygwin\jdk8u181\11358\hotspot\src\share\vm\prims\jvm.cpp, line 1435]
Event: 0.974 Thread 0x0000000027dfb000 Exception <a 'java/security/PrivilegedActionException'> (0x0000000716381288) thrown at [C:\re\workspace\8-2-build-windows-amd64-cygwin\jdk8u181\11358\hotspot\src\share\vm\prims\jvm.cpp, line 1435]
Event: 1.429 Thread 0x0000000027dfb000 Implicit null exception at 0x00000000035d4c18 to 0x00000000035d9395
Event: 2.988 Thread 0x0000000027dfb000 Implicit null exception at 0x00000000036a105b to 0x00000000036a151d

Events (10 events):
Event: 2.962 Thread 0x0000000027dfb000 DEOPT UNPACKING pc=0x000000000339583b sp=0x0000000029a2f2d0 mode 2
Event: 2.967 loading class org/lwjgl/util/vector/Vector4f
Event: 2.967 loading class org/lwjgl/util/vector/Vector4f done
Event: 2.967 loading class org/lwjgl/util/vector/ReadableVector4f
Event: 2.967 loading class org/lwjgl/util/vector/ReadableVector4f done
Event: 2.968 loading class org/lwjgl/util/vector/WritableVector4f
Event: 2.968 loading class org/lwjgl/util/vector/WritableVector4f done
Event: 2.988 Thread 0x0000000027dfb000 Uncommon trap: trap_request=0xfffffff4 fr.pc=0x00000000036a1530
Event: 2.988 Thread 0x0000000027dfb000 DEOPT PACKING pc=0x00000000036a1530 sp=0x0000000029a2f560
Event: 2.988 Thread 0x0000000027dfb000 DEOPT UNPACKING pc=0x000000000339583b sp=0x0000000029a2f540 mode 2


Dynamic libraries:
0x00007ff7cee00000 - 0x00007ff7cee37000 	C:\Program Files\Java\jdk1.8.0_181\bin\javaw.exe
0x00007ffecd660000 - 0x00007ffecd84d000 	C:\WINDOWS\SYSTEM32\ntdll.dll
0x00007ffecc470000 - 0x00007ffecc523000 	C:\WINDOWS\System32\KERNEL32.DLL
0x00007ffec9930000 - 0x00007ffec9bc3000 	C:\WINDOWS\System32\KERNELBASE.dll
0x00007ffecca20000 - 0x00007ffeccac3000 	C:\WINDOWS\System32\ADVAPI32.dll
0x00007ffeccb00000 - 0x00007ffeccb9e000 	C:\WINDOWS\System32\msvcrt.dll
0x00007ffeca890000 - 0x00007ffeca92e000 	C:\WINDOWS\System32\sechost.dll
0x00007ffecd4a0000 - 0x00007ffecd5c2000 	C:\WINDOWS\System32\RPCRT4.dll
0x00007ffecc550000 - 0x00007ffecc6e7000 	C:\WINDOWS\System32\USER32.dll
0x00007ffec9c20000 - 0x00007ffec9c40000 	C:\WINDOWS\System32\win32u.dll
0x00007ffeca930000 - 0x00007ffeca959000 	C:\WINDOWS\System32\GDI32.dll
0x00007ffec9ca0000 - 0x00007ffec9e3a000 	C:\WINDOWS\System32\gdi32full.dll
0x00007ffec9fa0000 - 0x00007ffeca040000 	C:\WINDOWS\System32\msvcp_win.dll
0x00007ffeca040000 - 0x00007ffeca13c000 	C:\WINDOWS\System32\ucrtbase.dll
0x00007ffebe420000 - 0x00007ffebe699000 	C:\WINDOWS\WinSxS\amd64_microsoft.windows.common-controls_6595b64144ccf1df_6.0.17763.253_none_05b2388e0721fece\COMCTL32.dll
0x00007ffecc6f0000 - 0x00007ffecca1d000 	C:\WINDOWS\System32\combase.dll
0x00007ffec9f20000 - 0x00007ffec9f9e000 	C:\WINDOWS\System32\bcryptPrimitives.dll
0x00007ffeccad0000 - 0x00007ffeccafe000 	C:\WINDOWS\System32\IMM32.DLL
0x0000000060490000 - 0x0000000060562000 	C:\Program Files\Java\jdk1.8.0_181\jre\bin\msvcr100.dll
0x000000005fbe0000 - 0x0000000060482000 	C:\Program Files\Java\jdk1.8.0_181\jre\bin\server\jvm.dll
0x00007ffecd0b0000 - 0x00007ffecd0b8000 	C:\WINDOWS\System32\PSAPI.DLL
0x00007ffec61d0000 - 0x00007ffec61d9000 	C:\WINDOWS\SYSTEM32\WSOCK32.dll
0x00007ffec7820000 - 0x00007ffec7844000 	C:\WINDOWS\SYSTEM32\WINMM.dll
0x00007ffec4b50000 - 0x00007ffec4b5a000 	C:\WINDOWS\SYSTEM32\VERSION.dll
0x00007ffecc400000 - 0x00007ffecc46d000 	C:\WINDOWS\System32\WS2_32.dll
0x00007ffec7610000 - 0x00007ffec763d000 	C:\WINDOWS\SYSTEM32\WINMMBASE.dll
0x00007ffec9bd0000 - 0x00007ffec9c1a000 	C:\WINDOWS\System32\cfgmgr32.dll
0x000000005fbd0000 - 0x000000005fbdf000 	C:\Program Files\Java\jdk1.8.0_181\jre\bin\verify.dll
0x000000005fba0000 - 0x000000005fbc9000 	C:\Program Files\Java\jdk1.8.0_181\jre\bin\java.dll
0x000000005fb80000 - 0x000000005fb96000 	C:\Program Files\Java\jdk1.8.0_181\jre\bin\zip.dll
0x00007ffeca960000 - 0x00007ffecbe4f000 	C:\WINDOWS\System32\SHELL32.dll
0x00007ffecd0c0000 - 0x00007ffecd168000 	C:\WINDOWS\System32\shcore.dll
0x00007ffeca140000 - 0x00007ffeca88a000 	C:\WINDOWS\System32\windows.storage.dll
0x00007ffec9660000 - 0x00007ffec9684000 	C:\WINDOWS\System32\profapi.dll
0x00007ffec96d0000 - 0x00007ffec972d000 	C:\WINDOWS\System32\powrprof.dll
0x00007ffeccee0000 - 0x00007ffeccf32000 	C:\WINDOWS\System32\shlwapi.dll
0x00007ffec96b0000 - 0x00007ffec96c1000 	C:\WINDOWS\System32\kernel.appcore.dll
0x00007ffec9730000 - 0x00007ffec9747000 	C:\WINDOWS\System32\cryptsp.dll
0x0000000180000000 - 0x0000000180051000 	C:\Documents\workspace\Atrido\lib\natives\lwjgl64.dll
0x00007ffeb2d50000 - 0x00007ffeb2e77000 	C:\WINDOWS\SYSTEM32\OPENGL32.dll
0x00007ffec0890000 - 0x00007ffec08bc000 	C:\WINDOWS\SYSTEM32\GLU32.dll
0x00007ffec7cb0000 - 0x00007ffec7d4c000 	C:\WINDOWS\system32\uxtheme.dll
0x00007ffeccf40000 - 0x00007ffecd0aa000 	C:\WINDOWS\System32\MSCTF.dll
0x00007ffecce10000 - 0x00007ffeccedb000 	C:\WINDOWS\System32\OLEAUT32.dll
0x00007ffec7f90000 - 0x00007ffec7fbe000 	C:\WINDOWS\system32\dwmapi.dll
0x00007ffec9750000 - 0x00007ffec992b000 	C:\WINDOWS\System32\CRYPT32.dll
0x00007ffec9690000 - 0x00007ffec96a2000 	C:\WINDOWS\System32\MSASN1.dll
0x000000005d4f0000 - 0x000000005fb74000 	C:\WINDOWS\System32\DriverStore\FileRepository\nv_dispi.inf_amd64_e7b3660b4830c245\nvoglv64.dll
0x00007ffecbf80000 - 0x00007ffecc3f5000 	C:\WINDOWS\System32\SETUPAPI.dll
0x00007ffec9ef0000 - 0x00007ffec9f16000 	C:\WINDOWS\System32\bcrypt.dll
0x00007ffecd2c0000 - 0x00007ffecd415000 	C:\WINDOWS\System32\ole32.dll
0x00007ffec6290000 - 0x00007ffec62a3000 	C:\WINDOWS\SYSTEM32\WTSAPI32.dll
0x00007ffec9470000 - 0x00007ffec9499000 	C:\WINDOWS\SYSTEM32\DEVOBJ.dll
0x00007ffec9c40000 - 0x00007ffec9c98000 	C:\WINDOWS\System32\WINTRUST.dll
0x00007ffec8730000 - 0x00007ffec8761000 	C:\WINDOWS\SYSTEM32\ntmarta.dll
0x00007ffe9cc90000 - 0x00007ffe9cf56000 	C:\WINDOWS\system32\nvspcap64.dll
0x00007ffeb7420000 - 0x00007ffeb74b5000 	C:\WINDOWS\System32\TextInputFramework.dll
0x00007ffec7640000 - 0x00007ffec7722000 	C:\WINDOWS\System32\CoreMessaging.dll
0x00007ffec5400000 - 0x00007ffec5722000 	C:\WINDOWS\System32\CoreUIComponents.dll
0x00007ffec5030000 - 0x00007ffec5183000 	C:\WINDOWS\SYSTEM32\wintypes.dll
0x00007ffebbe00000 - 0x00007ffebbead000 	C:\WINDOWS\SYSTEM32\mscms.dll
0x00007ffec6180000 - 0x00007ffec6190000 	C:\WINDOWS\SYSTEM32\ColorAdapterClient.dll
0x00007ffec9590000 - 0x00007ffec95b8000 	C:\WINDOWS\SYSTEM32\USERENV.dll
0x00007ffec0190000 - 0x00007ffec01d3000 	C:\WINDOWS\SYSTEM32\icm32.dll
0x00007ffec87d0000 - 0x00007ffec8828000 	C:\WINDOWS\SYSTEM32\WINSTA.dll
0x0000000037f90000 - 0x0000000037ff4000 	C:\Documents\workspace\Atrido\lib\natives\OpenAL64.dll
0x00007ffeccd60000 - 0x00007ffecce02000 	C:\WINDOWS\System32\clbcatq.dll
0x00007ffec3580000 - 0x00007ffec35f0000 	C:\WINDOWS\System32\MMDevApi.dll
0x00007ffec5f70000 - 0x00007ffec6118000 	C:\WINDOWS\System32\PROPSYS.dll
0x00007ffea1b80000 - 0x00007ffea1c16000 	C:\WINDOWS\SYSTEM32\dsound.dll
0x00007ffec0490000 - 0x00007ffec05d8000 	C:\WINDOWS\SYSTEM32\AUDIOSES.DLL
0x00007ffec59f0000 - 0x00007ffec59fa000 	C:\WINDOWS\SYSTEM32\AVRT.dll
0x00007ffec7ff0000 - 0x00007ffec8004000 	C:\WINDOWS\SYSTEM32\resourcepolicyclient.dll
0x000000005d350000 - 0x000000005d4e9000 	C:\Program Files\Java\jdk1.8.0_181\jre\bin\awt.dll
0x00007ffec7990000 - 0x00007ffec7a1c000 	C:\WINDOWS\SYSTEM32\apphelp.dll
0x00007ffeb9f30000 - 0x00007ffeba11d000 	C:\WINDOWS\SYSTEM32\dbghelp.dll

VM Arguments:
jvm_args: -Djava.library.path=C:\Documents\workspace\Atrido\lib\natives -Dfile.encoding=Cp1252 
java_command: com.countgandi.com.game.Game
java_class_path (initial): C:\Documents\workspace\Atrido\bin;C:\Documents\workspace\Atrido\lib\jars\lwjgl_util.jar;C:\Documents\workspace\Atrido\lib\jars\lwjgl.jar;C:\Documents\workspace\Atrido\lib\jars\PNGDecoder.jar;C:\Documents\workspace\Atrido\lib\jars\slick-util.jar
Launcher Type: SUN_STANDARD

Environment Variables:
PATH=C:/Program Files/Java/jre1.8.0_201/bin/server;C:/Program Files/Java/jre1.8.0_201/bin;C:/Program Files/Java/jre1.8.0_201/lib/amd64;C:\Program Files (x86)\Common Files\Oracle\Java\javapath;C:\WINDOWS\system32;C:\WINDOWS;C:\WINDOWS\System32\Wbem;C:\WINDOWS\System32\WindowsPowerShell\v1.0\;C:\WINDOWS\System32\OpenSSH\;C:\Program Files (x86)\NVIDIA Corporation\PhysX\Common;E:\Program Files\VisualSVN Server\bin;C:\Program Files\Java\jdk1.8.0_181\bin;C:\Program Files\Java\jdk1.8.0_181\jre\bin;;C:\Program Files\NVIDIA Corporation\NVIDIA NvDLISR;%SystemRoot%\system32;%SystemRoot%;%SystemRoot%\System32\Wbem;%SYSTEMROOT%\System32\WindowsPowerShell\v1.0\;%SYSTEMROOT%\System32\OpenSSH\;C:\Users\Count\AppData\Local\Microsoft\WindowsApps;C:\Users\Count\AppData\Local\GitHubDesktop\bin;%USERPROFILE%\AppData\Local\Microsoft\WindowsApps;;C:\Users\Count\eclipse\java-2018-09\eclipse;
USERNAME=Count
OS=Windows_NT
PROCESSOR_IDENTIFIER=Intel64 Family 6 Model 158 Stepping 10, GenuineIntel



---------------  S Y S T E M  ---------------

OS: Windows 10.0 , 64 bit Build 17763 (10.0.17763.1)

CPU:total 12 (initial active 12) (6 cores per cpu, 2 threads per core) family 6 model 158 stepping 10, cmov, cx8, fxsr, mmx, sse, sse2, sse3, ssse3, sse4.1, sse4.2, popcnt, avx, avx2, aes, clmul, erms, rtm, 3dnowpref, lzcnt, ht, tsc, tscinvbit, bmi1, bmi2, adx

Memory: 4k page, physical 33513920k(27095516k free), swap 38494656k(28082944k free)

vm_info: Java HotSpot(TM) 64-Bit Server VM (25.181-b13) for windows-amd64 JRE (1.8.0_181-b13), built on Jul  7 2018 04:01:33 by "java_re" with MS VC++ 10.0 (VS2010)

time: Tue Feb 05 19:09:19 2019
elapsed time: 3 seconds (0d 0h 0m 3s)

