#
# A fatal error has been detected by the Java Runtime Environment:
#
#  EXCEPTION_ACCESS_VIOLATION (0xc0000005) at pc=0x000000005e397870, pid=6012, tid=0x000000000000266c
#
# JRE version: Java(TM) SE Runtime Environment (8.0_181-b13) (build 1.8.0_181-b13)
# Java VM: Java HotSpot(TM) 64-Bit Server VM (25.181-b13 mixed mode windows-amd64 compressed oops)
# Problematic frame:
# C  [nvoglv64.dll+0xea7870]
#
# Failed to write core dump. Minidumps are not enabled by default on client versions of Windows
#
# If you would like to submit a bug report, please visit:
#   http://bugreport.java.com/bugreport/crash.jsp
# The crash happened outside the Java Virtual Machine in native code.
# See problematic frame for where to report the bug.
#

---------------  T H R E A D  ---------------

Current thread (0x0000000027395000):  JavaThread "Thread-0" [_thread_in_native, id=9836, stack(0x0000000028f00000,0x0000000029000000)]

siginfo: ExceptionCode=0xc0000005, reading address 0x0000000000000000

Registers:
RAX=0x0000000000000060, RBX=0x00000000296f09b8, RCX=0x000000002e515724, RDX=0xffffffffd1aea8dc
RSP=0x0000000028fff238, RBP=0x0000000000000002, RSI=0x0000000000000006, RDI=0x000000002e515724
R8 =0x0000000000000060, R9 =0x0000000000000006, R10=0x0000000000000000, R11=0x000000002e515724
R12=0x0000000000000000, R13=0x000000005d4f0000, R14=0x0000000000000001, R15=0x00000000296f0718
RIP=0x000000005e397870, EFLAGS=0x0000000000010283

Top of Stack: (sp=0x0000000028fff238)
0x0000000028fff238:   000000005de993fa 00000000272c5dc0
0x0000000028fff248:   000000005fc9d81c 0000000028fff8d8
0x0000000028fff258:   000000005dd0d20b 0000000027395000
0x0000000028fff268:   0000000000000006 0000000000000000
0x0000000028fff278:   000000000003810b 00000000296f0718
0x0000000028fff288:   000000005de9a1e2 00000000296e5080
0x0000000028fff298:   0000000000000004 0000000000000000
0x0000000028fff2a8:   0000000027395000 0000000027395000
0x0000000028fff2b8:   0000000028fff3a8 0000000025692408
0x0000000028fff2c8:   0000000000000000 000000000000c5f4
0x0000000028fff2d8:   0000000002928c67 0000000025692408
0x0000000028fff2e8:   0000000028fff368 0000000000000128
0x0000000028fff2f8:   0000000025741f38 0000000000000006
0x0000000028fff308:   000000005dde7d20 0000000002934ea3
0x0000000028fff318:   00000000029156d0 0000000000000000
0x0000000028fff328:   0000000028fff328 0000000000000000 

Instructions: (pc=0x000000005e397870)
0x000000005e397850:   29 41 c0 0f 29 49 d0 0f 10 44 0a e0 0f 10 4c 0a
0x000000005e397860:   f0 75 ad 0f 29 41 e0 49 83 e0 7f 0f 28 c1 eb 0c
0x000000005e397870:   0f 10 04 0a 48 83 c1 10 49 83 e8 10 4d 8b c8 49
0x000000005e397880:   c1 e9 04 74 1c 66 66 66 0f 1f 84 00 00 00 00 00 


Register to memory mapping:

RAX=0x0000000000000060 is an unknown value
RBX=0x00000000296f09b8 is an unknown value
RCX=0x000000002e515724 is an unknown value
RDX=0xffffffffd1aea8dc is an unknown value
RSP=0x0000000028fff238 is pointing into the stack for thread: 0x0000000027395000
RBP=0x0000000000000002 is an unknown value
RSI=0x0000000000000006 is an unknown value
RDI=0x000000002e515724 is an unknown value
R8 =0x0000000000000060 is an unknown value
R9 =0x0000000000000006 is an unknown value
R10=0x0000000000000000 is an unknown value
R11=0x000000002e515724 is an unknown value
R12=0x0000000000000000 is an unknown value
R13=0x000000005d4f0000 is an unknown value
R14=0x0000000000000001 is an unknown value
R15=0x00000000296f0718 is an unknown value


Stack: [0x0000000028f00000,0x0000000029000000],  sp=0x0000000028fff238,  free space=1020k
Native frames: (J=compiled Java code, j=interpreted, Vv=VM code, C=native code)
C  [nvoglv64.dll+0xea7870]
C  [nvoglv64.dll+0x9a93fa]
C  [nvoglv64.dll+0x9aa1e2]
C  0x0000000002928c67

Java frames: (J=compiled Java code, j=interpreted, Vv=VM code)
j  org.lwjgl.opengl.GL11.nglDrawArrays(IIIJ)V+0
j  org.lwjgl.opengl.GL11.glDrawArrays(III)V+20
j  com.countgandi.com.engine.renderEngine.water.WaterRenderer.render(Ljava/util/List;Lcom/countgandi/com/game/entities/Camera;Lcom/countgandi/com/game/entities/Light;)V+84
j  com.countgandi.com.game.Handler.render(Z)V+230
j  com.countgandi.com.game.menus.GameMenu.render()V+5
j  com.countgandi.com.game.Game.render()V+3
j  com.countgandi.com.game.Game.run()V+18
j  com.countgandi.com.game.Game.<init>()V+166
j  com.countgandi.com.game.Game$1.run()V+3
v  ~StubRoutines::call_stub

---------------  P R O C E S S  ---------------

Java Threads: ( => current thread )
  0x00000000027ee000 JavaThread "DestroyJavaVM" [_thread_blocked, id=4440, stack(0x00000000026b0000,0x00000000027b0000)]
=>0x0000000027395000 JavaThread "Thread-0" [_thread_in_native, id=9836, stack(0x0000000028f00000,0x0000000029000000)]
  0x00000000272c4800 JavaThread "Service Thread" daemon [_thread_blocked, id=14696, stack(0x0000000028d00000,0x0000000028e00000)]
  0x00000000272af000 JavaThread "C1 CompilerThread3" daemon [_thread_blocked, id=8008, stack(0x0000000028c00000,0x0000000028d00000)]
  0x00000000272ad000 JavaThread "C2 CompilerThread2" daemon [_thread_blocked, id=12520, stack(0x0000000028b00000,0x0000000028c00000)]
  0x00000000272a7000 JavaThread "C2 CompilerThread1" daemon [_thread_blocked, id=1120, stack(0x0000000028a00000,0x0000000028b00000)]
  0x00000000272a1000 JavaThread "C2 CompilerThread0" daemon [_thread_blocked, id=15236, stack(0x0000000028900000,0x0000000028a00000)]
  0x000000002729b800 JavaThread "Attach Listener" daemon [_thread_blocked, id=16604, stack(0x0000000028800000,0x0000000028900000)]
  0x0000000027299000 JavaThread "Signal Dispatcher" daemon [_thread_blocked, id=16340, stack(0x0000000028700000,0x0000000028800000)]
  0x0000000027293800 JavaThread "Finalizer" daemon [_thread_blocked, id=1888, stack(0x0000000028500000,0x0000000028600000)]
  0x000000000290a000 JavaThread "Reference Handler" daemon [_thread_blocked, id=14772, stack(0x0000000028400000,0x0000000028500000)]

Other Threads:
  0x0000000025bc6800 VMThread [stack: 0x0000000028300000,0x0000000028400000] [id=4736]
  0x00000000272c7800 WatcherThread [stack: 0x0000000028e00000,0x0000000028f00000] [id=8956]

VM state:not at safepoint (normal execution)

VM Mutex/Monitor currently owned by a thread: None

Heap:
 PSYoungGen      total 153088K, used 111219K [0x0000000715800000, 0x0000000720280000, 0x00000007c0000000)
  eden space 131584K, 83% used [0x0000000715800000,0x000000071c2c3ff8,0x000000071d880000)
  from space 21504K, 8% used [0x000000071d880000,0x000000071da58eb8,0x000000071ed80000)
  to   space 21504K, 0% used [0x000000071ed80000,0x000000071ed80000,0x0000000720280000)
 ParOldGen       total 349696K, used 8K [0x00000005c0800000, 0x00000005d5d80000, 0x0000000715800000)
  object space 349696K, 0% used [0x00000005c0800000,0x00000005c0802000,0x00000005d5d80000)
 Metaspace       used 6309K, capacity 6427K, committed 6528K, reserved 1056768K
  class space    used 597K, capacity 624K, committed 640K, reserved 1048576K

Card table byte_map: [0x0000000011cd0000,0x0000000012cd0000] byte_map_base: 0x000000000eecc000

Marking Bits: (ParMarkBitMap*) 0x0000000060402d00
 Begin Bits: [0x0000000014180000, 0x000000001c160000)
 End Bits:   [0x000000001c160000, 0x0000000024140000)

Polling page: 0x00000000005c0000

CodeCache: size=245760Kb used=3442Kb max_used=3456Kb free=242317Kb
 bounds [0x0000000002910000, 0x0000000002c80000, 0x0000000011910000]
 total_blobs=1214 nmethods=789 adapters=338
 compilation: enabled

Compilation events (10 events):
Event: 3.056 Thread 0x00000000272a7000  787       4       org.lwjgl.opengl.GL11::glDrawElements (32 bytes)
Event: 3.058 Thread 0x00000000272a1000 nmethod 785 0x0000000002c67a50 code [0x0000000002c67c20, 0x0000000002c68048]
Event: 3.058 Thread 0x00000000272a1000  789       4       com.countgandi.com.engine.renderEngine.MasterRenderer::processEntity (66 bytes)
Event: 3.058 Thread 0x00000000272a7000 nmethod 787 0x0000000002c682d0 code [0x0000000002c68440, 0x0000000002c687a8]
Event: 3.058 Thread 0x00000000272a7000  788       4       org.lwjgl.opengl.StateTracker::getElementArrayBufferBound (38 bytes)
Event: 3.059 Thread 0x00000000272a7000 nmethod 788 0x0000000002c6bf50 code [0x0000000002c6c0a0, 0x0000000002c6c258]
Event: 3.062 Thread 0x00000000272ad000 nmethod 784 0x0000000002c707d0 code [0x0000000002c70a20, 0x0000000002c71800]
Event: 3.066 Thread 0x00000000272a1000 nmethod 789 0x0000000002c729d0 code [0x0000000002c72c00, 0x0000000002c739c0]
Event: 3.069 Thread 0x00000000272af000  790       1       com.countgandi.com.engine.renderEngine.textures.TerrainTexturePack::getTerrainTextures (5 bytes)
Event: 3.069 Thread 0x00000000272af000 nmethod 790 0x0000000002c69250 code [0x0000000002c693a0, 0x0000000002c694b0]

GC Heap History (2 events):
Event: 1.378 GC heap before
{Heap before GC invocations=1 (full 0):
 PSYoungGen      total 153088K, used 131584K [0x0000000715800000, 0x0000000720280000, 0x00000007c0000000)
  eden space 131584K, 100% used [0x0000000715800000,0x000000071d880000,0x000000071d880000)
  from space 21504K, 0% used [0x000000071ed80000,0x000000071ed80000,0x0000000720280000)
  to   space 21504K, 0% used [0x000000071d880000,0x000000071d880000,0x000000071ed80000)
 ParOldGen       total 349696K, used 0K [0x00000005c0800000, 0x00000005d5d80000, 0x0000000715800000)
  object space 349696K, 0% used [0x00000005c0800000,0x00000005c0800000,0x00000005d5d80000)
 Metaspace       used 4946K, capacity 5907K, committed 6144K, reserved 1056768K
  class space    used 455K, capacity 488K, committed 512K, reserved 1048576K
Event: 1.380 GC heap after
Heap after GC invocations=1 (full 0):
 PSYoungGen      total 153088K, used 1891K [0x0000000715800000, 0x0000000720280000, 0x00000007c0000000)
  eden space 131584K, 0% used [0x0000000715800000,0x0000000715800000,0x000000071d880000)
  from space 21504K, 8% used [0x000000071d880000,0x000000071da58eb8,0x000000071ed80000)
  to   space 21504K, 0% used [0x000000071ed80000,0x000000071ed80000,0x0000000720280000)
 ParOldGen       total 349696K, used 8K [0x00000005c0800000, 0x00000005d5d80000, 0x0000000715800000)
  object space 349696K, 0% used [0x00000005c0800000,0x00000005c0802000,0x00000005d5d80000)
 Metaspace       used 4946K, capacity 5907K, committed 6144K, reserved 1056768K
  class space    used 455K, capacity 488K, committed 512K, reserved 1048576K
}

Deoptimization events (10 events):
Event: 1.527 Thread 0x0000000027395000 Uncommon trap: reason=unstable_if action=reinterpret pc=0x0000000002ba4fd0 method=java.io.BufferedInputStream.read1([BII)I @ 29
Event: 1.531 Thread 0x0000000027395000 Uncommon trap: reason=unstable_if action=reinterpret pc=0x0000000002b5df00 method=java.lang.String.<init>([CII)V @ 18
Event: 1.531 Thread 0x0000000027395000 Uncommon trap: reason=unstable_if action=reinterpret pc=0x0000000002b55f1c method=java.lang.String.<init>([CII)V @ 18
Event: 1.796 Thread 0x0000000027395000 Uncommon trap: reason=unstable_if action=reinterpret pc=0x0000000002b53074 method=java.lang.String.split(Ljava/lang/String;I)[Ljava/lang/String; @ 207
Event: 1.796 Thread 0x0000000027395000 Uncommon trap: reason=unstable_if action=reinterpret pc=0x0000000002b2e520 method=java.lang.Integer.parseInt(Ljava/lang/String;I)I @ 122
Event: 3.031 Thread 0x0000000027395000 Uncommon trap: reason=unstable_if action=reinterpret pc=0x0000000002c4a924 method=java.lang.StrictMath.floorOrCeil(DDDD)D @ 90
Event: 3.031 Thread 0x0000000027395000 Uncommon trap: reason=unstable_if action=reinterpret pc=0x0000000002c4652c method=java.lang.StrictMath.floorOrCeil(DDDD)D @ 90
Event: 3.057 Thread 0x0000000027395000 Uncommon trap: reason=null_check action=make_not_entrant pc=0x0000000002c5bc8c method=com.countgandi.com.engine.renderEngine.MasterRenderer.processEntity(Lcom/countgandi/com/game/entities/Entity;)V @ 15
Event: 3.063 Thread 0x0000000027395000 Uncommon trap: reason=class_check action=maybe_recompile pc=0x0000000002c71254 method=com.countgandi.com.game.entities.Entity.getTextureXOffset()F @ 8
Event: 3.069 Thread 0x0000000027395000 Uncommon trap: reason=class_check action=maybe_recompile pc=0x0000000002c71254 method=com.countgandi.com.game.entities.Entity.getTextureXOffset()F @ 8

Classes redefined (0 events):
No events

Internal exceptions (10 events):
Event: 0.963 Thread 0x0000000027395000 Exception <a 'java/security/PrivilegedActionException'> (0x00000007162e4700) thrown at [C:\re\workspace\8-2-build-windows-amd64-cygwin\jdk8u181\11358\hotspot\src\share\vm\prims\jvm.cpp, line 1435]
Event: 0.963 Thread 0x0000000027395000 Exception <a 'java/security/PrivilegedActionException'> (0x00000007162e5be8) thrown at [C:\re\workspace\8-2-build-windows-amd64-cygwin\jdk8u181\11358\hotspot\src\share\vm\prims\jvm.cpp, line 1435]
Event: 0.964 Thread 0x0000000027395000 Exception <a 'java/security/PrivilegedActionException'> (0x00000007162e6840) thrown at [C:\re\workspace\8-2-build-windows-amd64-cygwin\jdk8u181\11358\hotspot\src\share\vm\prims\jvm.cpp, line 1435]
Event: 0.964 Thread 0x0000000027395000 Exception <a 'java/security/PrivilegedActionException'> (0x00000007162e7468) thrown at [C:\re\workspace\8-2-build-windows-amd64-cygwin\jdk8u181\11358\hotspot\src\share\vm\prims\jvm.cpp, line 1435]
Event: 0.997 Thread 0x0000000027395000 Exception <a 'java/security/PrivilegedActionException'> (0x000000071637cf58) thrown at [C:\re\workspace\8-2-build-windows-amd64-cygwin\jdk8u181\11358\hotspot\src\share\vm\prims\jvm.cpp, line 1435]
Event: 0.997 Thread 0x0000000027395000 Exception <a 'java/security/PrivilegedActionException'> (0x000000071637d168) thrown at [C:\re\workspace\8-2-build-windows-amd64-cygwin\jdk8u181\11358\hotspot\src\share\vm\prims\jvm.cpp, line 1435]
Event: 0.997 Thread 0x0000000027395000 Exception <a 'java/security/PrivilegedActionException'> (0x0000000716381078) thrown at [C:\re\workspace\8-2-build-windows-amd64-cygwin\jdk8u181\11358\hotspot\src\share\vm\prims\jvm.cpp, line 1435]
Event: 0.997 Thread 0x0000000027395000 Exception <a 'java/security/PrivilegedActionException'> (0x0000000716381288) thrown at [C:\re\workspace\8-2-build-windows-amd64-cygwin\jdk8u181\11358\hotspot\src\share\vm\prims\jvm.cpp, line 1435]
Event: 1.345 Thread 0x0000000027395000 Implicit null exception at 0x0000000002b833c4 to 0x0000000002b837f1
Event: 3.057 Thread 0x0000000027395000 Implicit null exception at 0x0000000002c5b799 to 0x0000000002c5bc75

Events (10 events):
Event: 3.036 loading class org/lwjgl/util/vector/WritableVector4f done
Event: 3.057 Thread 0x0000000027395000 Uncommon trap: trap_request=0xfffffff4 fr.pc=0x0000000002c5bc8c
Event: 3.057 Thread 0x0000000027395000 DEOPT PACKING pc=0x0000000002c5bc8c sp=0x0000000028fff3b0
Event: 3.057 Thread 0x0000000027395000 DEOPT UNPACKING pc=0x000000000295583b sp=0x0000000028fff390 mode 2
Event: 3.063 Thread 0x0000000027395000 Uncommon trap: trap_request=0xffffffde fr.pc=0x0000000002c71254
Event: 3.063 Thread 0x0000000027395000 DEOPT PACKING pc=0x0000000002c71254 sp=0x0000000028fff2e0
Event: 3.063 Thread 0x0000000027395000 DEOPT UNPACKING pc=0x000000000295583b sp=0x0000000028fff240 mode 2
Event: 3.069 Thread 0x0000000027395000 Uncommon trap: trap_request=0xffffffde fr.pc=0x0000000002c71254
Event: 3.069 Thread 0x0000000027395000 DEOPT PACKING pc=0x0000000002c71254 sp=0x0000000028fff2e0
Event: 3.069 Thread 0x0000000027395000 DEOPT UNPACKING pc=0x000000000295583b sp=0x0000000028fff240 mode 2


Dynamic libraries:
0x00007ff7cee00000 - 0x00007ff7cee37000 	C:\Program Files\Java\jdk1.8.0_181\bin\javaw.exe
0x00007ffecd660000 - 0x00007ffecd84d000 	C:\WINDOWS\SYSTEM32\ntdll.dll
0x00007ffecc470000 - 0x00007ffecc523000 	C:\WINDOWS\System32\KERNEL32.DLL
0x00007ffec9930000 - 0x00007ffec9bc3000 	C:\WINDOWS\System32\KERNELBASE.dll
0x00007ffecca20000 - 0x00007ffeccac3000 	C:\WINDOWS\System32\ADVAPI32.dll
0x00007ffeccb00000 - 0x00007ffeccb9e000 	C:\WINDOWS\System32\msvcrt.dll
0x00007ffeca890000 - 0x00007ffeca92e000 	C:\WINDOWS\System32\sechost.dll
0x00007ffecd4a0000 - 0x00007ffecd5c2000 	C:\WINDOWS\System32\RPCRT4.dll
0x00007ffecc550000 - 0x00007ffecc6e7000 	C:\WINDOWS\System32\USER32.dll
0x00007ffec9c20000 - 0x00007ffec9c40000 	C:\WINDOWS\System32\win32u.dll
0x00007ffeca930000 - 0x00007ffeca959000 	C:\WINDOWS\System32\GDI32.dll
0x00007ffec9ca0000 - 0x00007ffec9e3a000 	C:\WINDOWS\System32\gdi32full.dll
0x00007ffec9fa0000 - 0x00007ffeca040000 	C:\WINDOWS\System32\msvcp_win.dll
0x00007ffeca040000 - 0x00007ffeca13c000 	C:\WINDOWS\System32\ucrtbase.dll
0x00007ffebe420000 - 0x00007ffebe699000 	C:\WINDOWS\WinSxS\amd64_microsoft.windows.common-controls_6595b64144ccf1df_6.0.17763.253_none_05b2388e0721fece\COMCTL32.dll
0x00007ffecc6f0000 - 0x00007ffecca1d000 	C:\WINDOWS\System32\combase.dll
0x00007ffec9f20000 - 0x00007ffec9f9e000 	C:\WINDOWS\System32\bcryptPrimitives.dll
0x00007ffeccad0000 - 0x00007ffeccafe000 	C:\WINDOWS\System32\IMM32.DLL
0x0000000060490000 - 0x0000000060562000 	C:\Program Files\Java\jdk1.8.0_181\jre\bin\msvcr100.dll
0x000000005fbe0000 - 0x0000000060482000 	C:\Program Files\Java\jdk1.8.0_181\jre\bin\server\jvm.dll
0x00007ffecd0b0000 - 0x00007ffecd0b8000 	C:\WINDOWS\System32\PSAPI.DLL
0x00007ffec4b50000 - 0x00007ffec4b5a000 	C:\WINDOWS\SYSTEM32\VERSION.dll
0x00007ffec7820000 - 0x00007ffec7844000 	C:\WINDOWS\SYSTEM32\WINMM.dll
0x00007ffec61d0000 - 0x00007ffec61d9000 	C:\WINDOWS\SYSTEM32\WSOCK32.dll
0x00007ffecc400000 - 0x00007ffecc46d000 	C:\WINDOWS\System32\WS2_32.dll
0x00007ffec7610000 - 0x00007ffec763d000 	C:\WINDOWS\SYSTEM32\WINMMBASE.dll
0x00007ffec9bd0000 - 0x00007ffec9c1a000 	C:\WINDOWS\System32\cfgmgr32.dll
0x000000005fbd0000 - 0x000000005fbdf000 	C:\Program Files\Java\jdk1.8.0_181\jre\bin\verify.dll
0x000000005fba0000 - 0x000000005fbc9000 	C:\Program Files\Java\jdk1.8.0_181\jre\bin\java.dll
0x000000005fb80000 - 0x000000005fb96000 	C:\Program Files\Java\jdk1.8.0_181\jre\bin\zip.dll
0x00007ffeca960000 - 0x00007ffecbe4f000 	C:\WINDOWS\System32\SHELL32.dll
0x00007ffecd0c0000 - 0x00007ffecd168000 	C:\WINDOWS\System32\shcore.dll
0x00007ffeca140000 - 0x00007ffeca88a000 	C:\WINDOWS\System32\windows.storage.dll
0x00007ffec9660000 - 0x00007ffec9684000 	C:\WINDOWS\System32\profapi.dll
0x00007ffec96d0000 - 0x00007ffec972d000 	C:\WINDOWS\System32\powrprof.dll
0x00007ffeccee0000 - 0x00007ffeccf32000 	C:\WINDOWS\System32\shlwapi.dll
0x00007ffec96b0000 - 0x00007ffec96c1000 	C:\WINDOWS\System32\kernel.appcore.dll
0x00007ffec9730000 - 0x00007ffec9747000 	C:\WINDOWS\System32\cryptsp.dll
0x0000000180000000 - 0x0000000180051000 	C:\Documents\workspace\Atrido\lib\natives\lwjgl64.dll
0x00007ffeb2d50000 - 0x00007ffeb2e77000 	C:\WINDOWS\SYSTEM32\OPENGL32.dll
0x00007ffec0890000 - 0x00007ffec08bc000 	C:\WINDOWS\SYSTEM32\GLU32.dll
0x00007ffec7cb0000 - 0x00007ffec7d4c000 	C:\WINDOWS\system32\uxtheme.dll
0x00007ffeccf40000 - 0x00007ffecd0aa000 	C:\WINDOWS\System32\MSCTF.dll
0x00007ffecce10000 - 0x00007ffeccedb000 	C:\WINDOWS\System32\OLEAUT32.dll
0x00007ffec7f90000 - 0x00007ffec7fbe000 	C:\WINDOWS\system32\dwmapi.dll
0x00007ffec9750000 - 0x00007ffec992b000 	C:\WINDOWS\System32\CRYPT32.dll
0x00007ffec9690000 - 0x00007ffec96a2000 	C:\WINDOWS\System32\MSASN1.dll
0x000000005d4f0000 - 0x000000005fb74000 	C:\WINDOWS\System32\DriverStore\FileRepository\nv_dispi.inf_amd64_e7b3660b4830c245\nvoglv64.dll
0x00007ffecbf80000 - 0x00007ffecc3f5000 	C:\WINDOWS\System32\SETUPAPI.dll
0x00007ffec9ef0000 - 0x00007ffec9f16000 	C:\WINDOWS\System32\bcrypt.dll
0x00007ffecd2c0000 - 0x00007ffecd415000 	C:\WINDOWS\System32\ole32.dll
0x00007ffec6290000 - 0x00007ffec62a3000 	C:\WINDOWS\SYSTEM32\WTSAPI32.dll
0x00007ffec9470000 - 0x00007ffec9499000 	C:\WINDOWS\SYSTEM32\DEVOBJ.dll
0x00007ffec9c40000 - 0x00007ffec9c98000 	C:\WINDOWS\System32\WINTRUST.dll
0x00007ffec8730000 - 0x00007ffec8761000 	C:\WINDOWS\SYSTEM32\ntmarta.dll
0x00007ffe9cc90000 - 0x00007ffe9cf56000 	C:\WINDOWS\system32\nvspcap64.dll
0x00007ffeb7420000 - 0x00007ffeb74b5000 	C:\WINDOWS\System32\TextInputFramework.dll
0x00007ffec5400000 - 0x00007ffec5722000 	C:\WINDOWS\System32\CoreUIComponents.dll
0x00007ffec7640000 - 0x00007ffec7722000 	C:\WINDOWS\System32\CoreMessaging.dll
0x00007ffec5030000 - 0x00007ffec5183000 	C:\WINDOWS\SYSTEM32\wintypes.dll
0x00007ffebbe00000 - 0x00007ffebbead000 	C:\WINDOWS\SYSTEM32\mscms.dll
0x00007ffec9590000 - 0x00007ffec95b8000 	C:\WINDOWS\SYSTEM32\USERENV.dll
0x00007ffec6180000 - 0x00007ffec6190000 	C:\WINDOWS\SYSTEM32\ColorAdapterClient.dll
0x00007ffec01b0000 - 0x00007ffec01f3000 	C:\WINDOWS\SYSTEM32\icm32.dll
0x00007ffec87d0000 - 0x00007ffec8828000 	C:\WINDOWS\SYSTEM32\WINSTA.dll
0x000000002ed80000 - 0x000000002ede4000 	C:\Documents\workspace\Atrido\lib\natives\OpenAL64.dll
0x00007ffeccd60000 - 0x00007ffecce02000 	C:\WINDOWS\System32\clbcatq.dll
0x00007ffec3580000 - 0x00007ffec35f0000 	C:\WINDOWS\System32\MMDevApi.dll
0x00007ffec5f70000 - 0x00007ffec6118000 	C:\WINDOWS\System32\PROPSYS.dll
0x00007ffea1b80000 - 0x00007ffea1c16000 	C:\WINDOWS\SYSTEM32\dsound.dll
0x00007ffec0490000 - 0x00007ffec05d8000 	C:\WINDOWS\SYSTEM32\AUDIOSES.DLL
0x00007ffec59f0000 - 0x00007ffec59fa000 	C:\WINDOWS\SYSTEM32\AVRT.dll
0x00007ffec7ff0000 - 0x00007ffec8004000 	C:\WINDOWS\SYSTEM32\resourcepolicyclient.dll
0x000000005d350000 - 0x000000005d4e9000 	C:\Program Files\Java\jdk1.8.0_181\jre\bin\awt.dll
0x00007ffec7990000 - 0x00007ffec7a1c000 	C:\WINDOWS\SYSTEM32\apphelp.dll
0x00007ffeb9f30000 - 0x00007ffeba11d000 	C:\WINDOWS\SYSTEM32\dbghelp.dll

VM Arguments:
jvm_args: -Djava.library.path=C:\Documents\workspace\Atrido\lib\natives -Dfile.encoding=Cp1252 
java_command: com.countgandi.com.game.Game
java_class_path (initial): C:\Documents\workspace\Atrido\bin;C:\Documents\workspace\Atrido\lib\jars\lwjgl_util.jar;C:\Documents\workspace\Atrido\lib\jars\lwjgl.jar;C:\Documents\workspace\Atrido\lib\jars\PNGDecoder.jar;C:\Documents\workspace\Atrido\lib\jars\slick-util.jar
Launcher Type: SUN_STANDARD

Environment Variables:
PATH=C:/Program Files/Java/jre1.8.0_201/bin/server;C:/Program Files/Java/jre1.8.0_201/bin;C:/Program Files/Java/jre1.8.0_201/lib/amd64;C:\Program Files (x86)\Common Files\Oracle\Java\javapath;C:\WINDOWS\system32;C:\WINDOWS;C:\WINDOWS\System32\Wbem;C:\WINDOWS\System32\WindowsPowerShell\v1.0\;C:\WINDOWS\System32\OpenSSH\;C:\Program Files (x86)\NVIDIA Corporation\PhysX\Common;E:\Program Files\VisualSVN Server\bin;C:\Program Files\Java\jdk1.8.0_181\bin;C:\Program Files\Java\jdk1.8.0_181\jre\bin;;C:\Program Files\NVIDIA Corporation\NVIDIA NvDLISR;%SystemRoot%\system32;%SystemRoot%;%SystemRoot%\System32\Wbem;%SYSTEMROOT%\System32\WindowsPowerShell\v1.0\;%SYSTEMROOT%\System32\OpenSSH\;C:\Users\Count\AppData\Local\Microsoft\WindowsApps;C:\Users\Count\AppData\Local\GitHubDesktop\bin;%USERPROFILE%\AppData\Local\Microsoft\WindowsApps;;C:\Users\Count\eclipse\java-2018-09\eclipse;
USERNAME=Count
OS=Windows_NT
PROCESSOR_IDENTIFIER=Intel64 Family 6 Model 158 Stepping 10, GenuineIntel



---------------  S Y S T E M  ---------------

OS: Windows 10.0 , 64 bit Build 17763 (10.0.17763.1)

CPU:total 12 (initial active 12) (6 cores per cpu, 2 threads per core) family 6 model 158 stepping 10, cmov, cx8, fxsr, mmx, sse, sse2, sse3, ssse3, sse4.1, sse4.2, popcnt, avx, avx2, aes, clmul, erms, rtm, 3dnowpref, lzcnt, ht, tsc, tscinvbit, bmi1, bmi2, adx

Memory: 4k page, physical 33513920k(27135352k free), swap 38494656k(28148364k free)

vm_info: Java HotSpot(TM) 64-Bit Server VM (25.181-b13) for windows-amd64 JRE (1.8.0_181-b13), built on Jul  7 2018 04:01:33 by "java_re" with MS VC++ 10.0 (VS2010)

time: Tue Feb 05 19:16:34 2019
elapsed time: 3 seconds (0d 0h 0m 3s)

